{"total": {"lines":{"total":5849,"covered":4397,"skipped":0,"pct":75.17},"statements":{"total":6066,"covered":4559,"skipped":0,"pct":75.15},"functions":{"total":882,"covered":720,"skipped":0,"pct":81.63},"branches":{"total":4199,"covered":2326,"skipped":0,"pct":55.39},"branchesTrue":{"total":0,"covered":0,"skipped":0,"pct":100}}
,"/Users/miszion/workplace/riftbound-online-backend/src/auth-utils.ts": {"lines":{"total":54,"covered":53,"skipped":0,"pct":98.14},"functions":{"total":6,"covered":6,"skipped":0,"pct":100},"statements":{"total":58,"covered":57,"skipped":0,"pct":98.27},"branches":{"total":18,"covered":17,"skipped":0,"pct":94.44}}
,"/Users/miszion/workplace/riftbound-online-backend/src/card-catalog.ts": {"lines":{"total":516,"covered":482,"skipped":0,"pct":93.41},"functions":{"total":96,"covered":85,"skipped":0,"pct":88.54},"statements":{"total":578,"covered":533,"skipped":0,"pct":92.21},"branches":{"total":289,"covered":236,"skipped":0,"pct":81.66}}
,"/Users/miszion/workplace/riftbound-online-backend/src/champion-utils.ts": {"lines":{"total":107,"covered":101,"skipped":0,"pct":94.39},"functions":{"total":19,"covered":17,"skipped":0,"pct":89.47},"statements":{"total":113,"covered":107,"skipped":0,"pct":94.69},"branches":{"total":95,"covered":73,"skipped":0,"pct":76.84}}
,"/Users/miszion/workplace/riftbound-online-backend/src/game-engine.ts": {"lines":{"total":3356,"covered":2159,"skipped":0,"pct":64.33},"functions":{"total":469,"covered":350,"skipped":0,"pct":74.62},"statements":{"total":3442,"covered":2215,"skipped":0,"pct":64.35},"branches":{"total":2603,"covered":1169,"skipped":0,"pct":44.9}}
,"/Users/miszion/workplace/riftbound-online-backend/src/game-state-serializer.ts": {"lines":{"total":114,"covered":110,"skipped":0,"pct":96.49},"functions":{"total":39,"covered":39,"skipped":0,"pct":100},"statements":{"total":127,"covered":123,"skipped":0,"pct":96.85},"branches":{"total":209,"covered":172,"skipped":0,"pct":82.29}}
,"/Users/miszion/workplace/riftbound-online-backend/src/logger.ts": {"lines":{"total":30,"covered":29,"skipped":0,"pct":96.66},"functions":{"total":9,"covered":9,"skipped":0,"pct":100},"statements":{"total":33,"covered":32,"skipped":0,"pct":96.96},"branches":{"total":19,"covered":16,"skipped":0,"pct":84.21}}
,"/Users/miszion/workplace/riftbound-online-backend/src/match-routes.ts": {"lines":{"total":710,"covered":661,"skipped":0,"pct":93.09},"functions":{"total":75,"covered":61,"skipped":0,"pct":81.33},"statements":{"total":727,"covered":669,"skipped":0,"pct":92.02},"branches":{"total":432,"covered":263,"skipped":0,"pct":60.87}}
,"/Users/miszion/workplace/riftbound-online-backend/src/matchmaking-queue-worker.ts": {"lines":{"total":43,"covered":43,"skipped":0,"pct":100},"functions":{"total":7,"covered":7,"skipped":0,"pct":100},"statements":{"total":44,"covered":44,"skipped":0,"pct":100},"branches":{"total":15,"covered":15,"skipped":0,"pct":100}}
,"/Users/miszion/workplace/riftbound-online-backend/src/__tests__/test-helpers.ts": {"lines":{"total":57,"covered":44,"skipped":0,"pct":77.19},"functions":{"total":17,"covered":15,"skipped":0,"pct":88.23},"statements":{"total":63,"covered":46,"skipped":0,"pct":73.01},"branches":{"total":43,"covered":18,"skipped":0,"pct":41.86}}
,"/Users/miszion/workplace/riftbound-online-backend/src/config/tableNames.ts": {"lines":{"total":22,"covered":18,"skipped":0,"pct":81.81},"functions":{"total":4,"covered":4,"skipped":0,"pct":100},"statements":{"total":22,"covered":18,"skipped":0,"pct":81.81},"branches":{"total":14,"covered":8,"skipped":0,"pct":57.14}}
,"/Users/miszion/workplace/riftbound-online-backend/src/graphql/resolvers.ts": {"lines":{"total":840,"covered":697,"skipped":0,"pct":82.97},"functions":{"total":141,"covered":127,"skipped":0,"pct":90.07},"statements":{"total":859,"covered":715,"skipped":0,"pct":83.23},"branches":{"total":462,"covered":339,"skipped":0,"pct":73.37}}
}
