TN:
SF:src/auth-utils.ts
FN:3,(anonymous_0)
FN:8,(anonymous_1)
FN:18,(anonymous_2)
FN:34,(anonymous_3)
FN:59,(anonymous_4)
FN:84,(anonymous_5)
FNF:6
FNH:6
FNDA:12,(anonymous_0)
FNDA:11,(anonymous_1)
FNDA:38,(anonymous_2)
FNDA:29,(anonymous_3)
FNDA:29,(anonymous_4)
FNDA:8,(anonymous_5)
DA:3,1
DA:4,12
DA:5,12
DA:6,4
DA:8,8
DA:9,11
DA:10,11
DA:11,0
DA:13,11
DA:15,8
DA:18,1
DA:19,38
DA:20,36
DA:21,36
DA:22,36
DA:23,4
DA:25,32
DA:26,32
DA:27,32
DA:28,32
DA:30,3
DA:34,1
DA:35,29
DA:36,29
DA:37,14
DA:39,15
DA:40,15
DA:41,3
DA:43,12
DA:44,12
DA:45,6
DA:47,6
DA:48,2
DA:50,4
DA:59,1
DA:60,29
DA:61,29
DA:62,5
DA:64,24
DA:65,24
DA:66,3
DA:69,21
DA:74,21
DA:75,3
DA:77,18
DA:84,1
DA:85,8
DA:86,8
DA:87,3
DA:88,3
DA:90,5
DA:91,5
DA:92,5
DA:93,5
LF:54
LH:53
BRDA:5,0,0,4
BRDA:10,1,0,0
BRDA:19,2,0,2
BRDA:22,3,0,4
BRDA:36,4,0,14
BRDA:36,5,0,29
BRDA:36,5,1,15
BRDA:40,6,0,3
BRDA:44,7,0,6
BRDA:47,8,0,2
BRDA:61,9,0,5
BRDA:65,10,0,3
BRDA:69,11,0,15
BRDA:69,11,1,6
BRDA:71,12,0,3
BRDA:71,12,1,3
BRDA:74,13,0,3
BRDA:86,14,0,3
BRF:18
BRH:17
end_of_record
TN:
SF:src/card-catalog.ts
FN:405,(anonymous_1)
FN:408,(anonymous_2)
FN:408,(anonymous_3)
FN:1093,(anonymous_4)
FN:1102,(anonymous_5)
FN:1115,(anonymous_6)
FN:1131,(anonymous_7)
FN:1132,(anonymous_8)
FN:1136,(anonymous_9)
FN:1142,(anonymous_10)
FN:1143,(anonymous_11)
FN:1145,(anonymous_12)
FN:1150,(anonymous_13)
FN:1155,(anonymous_14)
FN:1168,(anonymous_15)
FN:1181,(anonymous_16)
FN:1189,(anonymous_17)
FN:1192,(anonymous_18)
FN:1195,(anonymous_19)
FN:1227,(anonymous_20)
FN:1235,(anonymous_21)
FN:1241,(anonymous_22)
FN:1268,(anonymous_23)
FN:1273,(anonymous_24)
FN:1279,(anonymous_25)
FN:1281,(anonymous_26)
FN:1289,(anonymous_27)
FN:1293,(anonymous_28)
FN:1300,(anonymous_29)
FN:1302,(anonymous_30)
FN:1312,(anonymous_31)
FN:1314,(anonymous_32)
FN:1389,(anonymous_33)
FN:1416,(anonymous_34)
FN:1419,(anonymous_35)
FN:1422,(anonymous_36)
FN:1438,(anonymous_37)
FN:1451,(anonymous_38)
FN:1457,(anonymous_39)
FN:1458,(anonymous_40)
FN:1461,(anonymous_41)
FN:1495,(anonymous_42)
FN:1497,(anonymous_43)
FN:1534,(anonymous_44)
FN:1549,(anonymous_45)
FN:1557,(anonymous_46)
FN:1579,(anonymous_47)
FN:1597,(anonymous_48)
FN:1613,(anonymous_49)
FN:1615,(anonymous_50)
FN:1623,(anonymous_51)
FN:1627,(anonymous_52)
FN:1630,(anonymous_53)
FN:1646,(anonymous_54)
FN:1657,(anonymous_55)
FN:1659,(anonymous_56)
FN:1665,(anonymous_57)
FN:1673,(anonymous_58)
FN:1681,(anonymous_59)
FN:1704,(anonymous_60)
FN:1705,(anonymous_61)
FN:1707,(anonymous_62)
FN:1767,(anonymous_63)
FN:1784,(anonymous_64)
FN:1794,(anonymous_65)
FN:1802,(anonymous_66)
FN:1812,(anonymous_67)
FN:1819,(anonymous_68)
FN:1821,(anonymous_69)
FN:1822,(anonymous_70)
FN:1825,(anonymous_71)
FN:1826,(anonymous_72)
FN:1829,(anonymous_73)
FN:1831,(anonymous_74)
FN:1834,(anonymous_75)
FN:1835,(anonymous_76)
FN:1843,(anonymous_77)
FN:1844,(anonymous_78)
FN:1854,(anonymous_79)
FN:1868,(anonymous_80)
FN:1891,(anonymous_81)
FN:1958,(anonymous_82)
FN:1973,(anonymous_83)
FN:1981,(anonymous_84)
FN:1989,(anonymous_85)
FN:1996,(anonymous_86)
FN:2004,(anonymous_87)
FN:2012,(anonymous_88)
FN:2020,(anonymous_89)
FN:2027,(anonymous_90)
FN:2034,(anonymous_91)
FN:2091,(anonymous_92)
FN:2093,(anonymous_93)
FN:2094,(anonymous_94)
FN:2103,(anonymous_95)
FN:2114,(anonymous_96)
FNF:96
FNH:85
FNDA:2178,(anonymous_1)
FNDA:660,(anonymous_2)
FNDA:2178,(anonymous_3)
FNDA:6632,(anonymous_4)
FNDA:6632,(anonymous_5)
FNDA:6632,(anonymous_6)
FNDA:6632,(anonymous_7)
FNDA:397920,(anonymous_8)
FNDA:1277691,(anonymous_9)
FNDA:36,(anonymous_10)
FNDA:36,(anonymous_11)
FNDA:1620,(anonymous_12)
FNDA:13139,(anonymous_13)
FNDA:3531,(anonymous_14)
FNDA:828,(anonymous_15)
FNDA:6632,(anonymous_16)
FNDA:17088,(anonymous_17)
FNDA:1002,(anonymous_18)
FNDA:17924,(anonymous_19)
FNDA:17924,(anonymous_20)
FNDA:17924,(anonymous_21)
FNDA:17924,(anonymous_22)
FNDA:6731,(anonymous_23)
FNDA:48,(anonymous_24)
FNDA:32,(anonymous_25)
FNDA:0,(anonymous_26)
FNDA:6,(anonymous_27)
FNDA:16,(anonymous_28)
FNDA:0,(anonymous_29)
FNDA:0,(anonymous_30)
FNDA:132,(anonymous_31)
FNDA:2347,(anonymous_32)
FNDA:17924,(anonymous_33)
FNDA:6660,(anonymous_34)
FNDA:320,(anonymous_35)
FNDA:320,(anonymous_36)
FNDA:320,(anonymous_37)
FNDA:320,(anonymous_38)
FNDA:55,(anonymous_39)
FNDA:55,(anonymous_40)
FNDA:6649,(anonymous_41)
FNDA:18,(anonymous_42)
FNDA:14,(anonymous_43)
FNDA:16,(anonymous_44)
FNDA:226,(anonymous_45)
FNDA:6523,(anonymous_46)
FNDA:6523,(anonymous_47)
FNDA:6523,(anonymous_48)
FNDA:16,(anonymous_49)
FNDA:160,(anonymous_50)
FNDA:16,(anonymous_51)
FNDA:16,(anonymous_52)
FNDA:16,(anonymous_53)
FNDA:6587,(anonymous_54)
FNDA:6587,(anonymous_55)
FNDA:59283,(anonymous_56)
FNDA:6587,(anonymous_57)
FNDA:6587,(anonymous_58)
FNDA:6587,(anonymous_59)
FNDA:17,(anonymous_60)
FNDA:16,(anonymous_61)
FNDA:256,(anonymous_62)
FNDA:6507,(anonymous_63)
FNDA:9,(anonymous_64)
FNDA:6507,(anonymous_65)
FNDA:9,(anonymous_66)
FNDA:401951,(anonymous_67)
FNDA:0,(anonymous_68)
FNDA:133877,(anonymous_69)
FNDA:96792349,(anonymous_70)
FNDA:133657,(anonymous_71)
FNDA:96633289,(anonymous_72)
FNDA:133877,(anonymous_73)
FNDA:96792349,(anonymous_74)
FNDA:0,(anonymous_75)
FNDA:0,(anonymous_76)
FNDA:540,(anonymous_77)
FNDA:390420,(anonymous_78)
FNDA:0,(anonymous_79)
FNDA:0,(anonymous_80)
FNDA:2,(anonymous_81)
FNDA:28,(anonymous_82)
FNDA:54,(anonymous_83)
FNDA:26,(anonymous_84)
FNDA:47,(anonymous_85)
FNDA:64,(anonymous_86)
FNDA:59,(anonymous_87)
FNDA:49,(anonymous_88)
FNDA:43,(anonymous_89)
FNDA:27,(anonymous_90)
FNDA:48,(anonymous_91)
FNDA:0,(anonymous_92)
FNDA:0,(anonymous_93)
FNDA:0,(anonymous_94)
FNDA:5,(anonymous_95)
FNDA:4,(anonymous_96)
DA:1,11
DA:2,11
DA:377,11
DA:390,11
DA:402,11
DA:403,11
DA:405,11
DA:406,2178
DA:408,2178
DA:410,11
DA:1061,11
DA:1070,11
DA:1072,11
DA:1080,11
DA:1093,11
DA:1094,6632
DA:1095,21360
DA:1096,4840
DA:1099,1792
DA:1102,11
DA:1103,6632
DA:1104,5883
DA:1106,749
DA:1107,154
DA:1109,595
DA:1110,0
DA:1112,595
DA:1115,11
DA:1116,6632
DA:1117,1299
DA:1118,587
DA:1120,712
DA:1122,5333
DA:1123,2726
DA:1125,2607
DA:1126,2
DA:1128,2605
DA:1131,11
DA:1132,6632
DA:1133,397920
DA:1134,239
DA:1136,1277691
DA:1138,6632
DA:1139,6557
DA:1141,75
DA:1142,36
DA:1143,36
DA:1144,75
DA:1145,1620
DA:1147,48
DA:1150,11
DA:1151,13139
DA:1152,12056
DA:1154,1083
DA:1155,1083
DA:1156,3531
DA:1157,3369
DA:1160,162
DA:1162,1083
DA:1163,921
DA:1168,828
DA:1170,162
DA:1173,162
DA:1181,11
DA:1186,6632
DA:1187,6632
DA:1188,6632
DA:1189,17088
DA:1191,6632
DA:1192,1002
DA:1194,6632
DA:1195,6632
DA:1196,17924
DA:1200,17924
DA:1205,28
DA:1207,17924
DA:1208,17924
DA:1209,2347
DA:1211,17924
DA:1215,308
DA:1216,308
DA:1217,308
DA:1221,308
DA:1222,299
DA:1225,17924
DA:1227,17924
DA:1228,6632
DA:1234,6632
DA:1235,17924
DA:1241,17924
DA:1244,11
DA:1246,11
DA:1247,11
DA:1248,11
DA:1249,11
DA:1250,11
DA:1251,11
DA:1252,11
DA:1253,11
DA:1268,11
DA:1269,6731
DA:1270,6683
DA:1273,11
DA:1274,48
DA:1275,4
DA:1276,4
DA:1279,11
DA:1280,32
DA:1281,0
DA:1284,32
DA:1285,32
DA:1287,4
DA:1289,6
DA:1293,11
DA:1294,16
DA:1295,16
DA:1296,16
DA:1297,16
DA:1298,16
DA:1300,0
DA:1302,0
DA:1305,16
DA:1312,132
DA:1314,11
DA:1315,2347
DA:1316,0
DA:1318,2347
DA:1319,2347
DA:1320,2251
DA:1321,2251
DA:1322,2251
DA:1325,96
DA:1326,96
DA:1329,11
DA:1389,11
DA:1393,17924
DA:1394,17924
DA:1395,12808
DA:1397,5116
DA:1398,10882
DA:1399,10882
DA:1400,2347
DA:1401,2347
DA:1402,2347
DA:1406,2769
DA:1410,11
DA:1412,11
DA:1414,11
DA:1416,11
DA:1417,6660
DA:1419,11
DA:1420,320
DA:1422,11
DA:1423,320
DA:1424,0
DA:1426,320
DA:1427,320
DA:1428,1
DA:1430,319
DA:1431,319
DA:1432,254
DA:1434,65
DA:1435,65
DA:1438,11
DA:1439,320
DA:1440,82
DA:1442,238
DA:1443,145
DA:1445,93
DA:1446,1
DA:1448,92
DA:1451,11
DA:1452,320
DA:1453,320
DA:1454,265
DA:1456,55
DA:1457,55
DA:1458,55
DA:1461,11
DA:1462,6649
DA:1463,6649
DA:1465,6649
DA:1466,320
DA:1467,320
DA:1468,320
DA:1469,320
DA:1470,320
DA:1471,320
DA:1472,320
DA:1473,320
DA:1474,320
DA:1475,320
DA:1476,320
DA:1477,320
DA:1478,320
DA:1479,320
DA:1480,320
DA:1492,6649
DA:1495,18
DA:1497,11
DA:1498,14
DA:1499,3
DA:1501,11
DA:1502,11
DA:1503,0
DA:1505,11
DA:1506,11
DA:1507,11
DA:1508,4
DA:1510,7
DA:1511,1
DA:1513,6
DA:1514,6
DA:1515,4
DA:1516,2
DA:1517,2
DA:1519,2
DA:1520,2
DA:1521,1
DA:1522,1
DA:1524,1
DA:1526,2
DA:1527,2
DA:1528,2
DA:1529,2
DA:1531,0
DA:1534,11
DA:1535,16
DA:1536,16
DA:1537,16
DA:1538,1
DA:1539,1
DA:1543,16
DA:1544,1
DA:1546,16
DA:1549,11
DA:1550,226
DA:1551,0
DA:1553,226
DA:1554,226
DA:1557,11
DA:1558,6523
DA:1559,6523
DA:1560,6297
DA:1562,226
DA:1563,226
DA:1564,226
DA:1565,0
DA:1567,226
DA:1568,226
DA:1569,0
DA:1571,226
DA:1572,226
DA:1573,226
DA:1579,11
DA:1580,6523
DA:1581,6523
DA:1582,416
DA:1584,6523
DA:1585,9
DA:1587,6523
DA:1588,6523
DA:1589,226
DA:1591,6523
DA:1592,1
DA:1594,6523
DA:1597,11
DA:1598,6523
DA:1599,6523
DA:1600,0
DA:1602,6523
DA:1613,11
DA:1614,16
DA:1615,16
DA:1616,160
DA:1617,7
DA:1620,16
DA:1623,11
DA:1624,16
DA:1625,16
DA:1627,16
DA:1630,16
DA:1631,16
DA:1632,16
DA:1633,16
DA:1634,16
DA:1635,16
DA:1636,16
DA:1637,16
DA:1638,16
DA:1646,11
DA:1647,6587
DA:1648,6587
DA:1649,6587
DA:1650,6587
DA:1651,4383
DA:1652,4383
DA:1654,6587
DA:1657,11
DA:1658,6587
DA:1659,6587
DA:1660,59283
DA:1662,6587
DA:1665,11
DA:1666,6587
DA:1667,6587
DA:1668,6587
DA:1669,6587
DA:1670,6587
DA:1673,11
DA:1674,6587
DA:1675,5964
DA:1676,5301
DA:1678,2549
DA:1681,11
DA:1682,6587
DA:1683,6587
DA:1691,6587
DA:1699,136
DA:1701,6587
DA:1704,11
DA:1705,17
DA:1706,16
DA:1707,16
DA:1708,256
DA:1711,16
DA:1712,16
DA:1713,16
DA:1714,16
DA:1715,16
DA:1716,16
DA:1717,16
DA:1718,16
DA:1719,16
DA:1720,16
DA:1721,16
DA:1722,16
DA:1723,16
DA:1724,2
DA:1727,16
DA:1759,16
DA:1760,5
DA:1763,16
DA:1767,11
DA:1768,6507
DA:1769,6507
DA:1770,6507
DA:1771,6507
DA:1772,4239
DA:1774,6507
DA:1782,11
DA:1784,11
DA:1785,9
DA:1786,0
DA:1789,9
DA:1790,9
DA:1793,9
DA:1794,6507
DA:1799,0
DA:1802,11
DA:1803,9
DA:1804,9
DA:1805,0
DA:1809,9
DA:1812,11
DA:1813,401951
DA:1814,9
DA:1816,401951
DA:1819,11
DA:1821,11
DA:1822,96792349
DA:1825,11
DA:1826,96633289
DA:1829,11
DA:1830,133877
DA:1831,96792349
DA:1834,11
DA:1835,0
DA:1843,11
DA:1844,540
DA:1845,390420
DA:1850,390420
DA:1854,11
DA:1855,0
DA:1860,0
DA:1861,0
DA:1862,0
DA:1864,0
DA:1865,0
DA:1868,11
DA:1871,0
DA:1872,0
DA:1873,0
DA:1874,0
DA:1876,0
DA:1877,0
DA:1885,11
DA:1889,11
DA:1891,11
DA:1892,2
DA:1893,2
DA:1894,2
DA:1895,1
DA:1897,1
DA:1898,1
DA:1901,11
DA:1908,11
DA:1913,11
DA:1918,11
DA:1922,11
DA:1928,11
DA:1935,11
DA:1942,11
DA:1949,11
DA:1958,11
DA:1959,28
DA:1960,28
DA:1961,28
DA:1962,28
DA:1965,28
DA:1966,28
DA:1967,28
DA:1968,28
DA:1969,28
DA:1970,28
DA:1973,54
DA:1974,2
DA:1975,2
DA:1976,2
DA:1977,2
DA:1978,2
DA:1981,26
DA:1982,2
DA:1983,2
DA:1984,2
DA:1985,2
DA:1986,2
DA:1989,47
DA:1990,2
DA:1991,2
DA:1992,2
DA:1993,2
DA:1996,64
DA:1997,1
DA:1998,1
DA:1999,1
DA:2000,1
DA:2004,59
DA:2005,2
DA:2006,2
DA:2007,2
DA:2008,2
DA:2009,2
DA:2012,49
DA:2013,4
DA:2014,4
DA:2015,4
DA:2016,4
DA:2017,4
DA:2020,43
DA:2021,1
DA:2022,1
DA:2023,1
DA:2024,1
DA:2027,27
DA:2028,2
DA:2029,2
DA:2030,2
DA:2031,2
DA:2034,48
DA:2035,2
DA:2036,2
DA:2037,2
DA:2038,2
DA:2039,2
DA:2042,10
DA:2043,2
DA:2044,0
DA:2045,0
DA:2046,2
DA:2047,1
DA:2048,1
DA:2049,1
DA:2050,1
DA:2051,1
DA:2053,0
DA:2055,2
DA:2056,2
DA:2057,2
DA:2060,8
DA:2061,1
DA:2062,1
DA:2063,1
DA:2066,7
DA:2067,2
DA:2068,2
DA:2069,2
DA:2070,2
DA:2071,2
DA:2072,2
DA:2073,2
DA:2076,28
DA:2091,11
DA:2092,0
DA:2093,0
DA:2094,0
DA:2103,11
DA:2104,5
DA:2105,2
DA:2107,3
DA:2108,3
DA:2114,11
DA:2115,4
DA:2116,1
DA:2118,3
DA:2119,3
LF:516
LH:482
BRDA:406,0,0,0
BRDA:406,0,1,2178
BRDA:1095,1,0,4840
BRDA:1103,2,0,5883
BRDA:1106,3,0,154
BRDA:1109,4,0,0
BRDA:1109,5,0,595
BRDA:1109,5,1,595
BRDA:1116,6,0,1299
BRDA:1116,7,0,6632
BRDA:1116,7,1,5972
BRDA:1117,8,0,587
BRDA:1117,9,0,1299
BRDA:1117,9,1,713
BRDA:1122,10,0,2726
BRDA:1125,11,0,2
BRDA:1133,12,0,239
BRDA:1133,13,0,397920
BRDA:1133,13,1,6632
BRDA:1138,14,0,6557
BRDA:1144,15,0,27
BRDA:1151,16,0,12056
BRDA:1156,17,0,3369
BRDA:1162,18,0,921
BRDA:1170,19,0,117
BRDA:1170,19,1,45
BRDA:1171,20,0,117
BRDA:1171,20,1,0
BRDA:1186,21,0,6632
BRDA:1186,21,1,1
BRDA:1188,22,0,6632
BRDA:1188,22,1,6631
BRDA:1191,23,0,308
BRDA:1191,23,1,6324
BRDA:1191,24,0,6632
BRDA:1191,24,1,543
BRDA:1200,25,0,28
BRDA:1201,26,0,17924
BRDA:1201,26,1,212
BRDA:1201,26,2,212
BRDA:1208,27,0,2347
BRDA:1211,28,0,308
BRDA:1212,29,0,17924
BRDA:1212,29,1,17381
BRDA:1212,29,2,930
BRDA:1218,30,0,308
BRDA:1218,30,1,308
BRDA:1221,31,0,299
BRDA:1221,32,0,308
BRDA:1221,32,1,308
BRDA:1236,33,0,6632
BRDA:1236,33,1,0
BRDA:1241,34,0,48
BRDA:1241,34,1,6584
BRDA:1269,35,0,48
BRDA:1269,36,0,6731
BRDA:1269,36,1,6683
BRDA:1274,37,0,44
BRDA:1274,38,0,48
BRDA:1274,38,1,4
BRDA:1276,39,0,4
BRDA:1276,39,1,0
BRDA:1280,40,0,0
BRDA:1285,41,0,28
BRDA:1295,42,0,13
BRDA:1295,42,1,3
BRDA:1296,43,0,13
BRDA:1296,43,1,3
BRDA:1297,44,0,13
BRDA:1297,44,1,3
BRDA:1298,45,0,0
BRDA:1298,45,1,16
BRDA:1302,46,0,0
BRDA:1302,46,1,0
BRDA:1306,47,0,13
BRDA:1306,47,1,3
BRDA:1308,48,0,16
BRDA:1308,48,1,3
BRDA:1315,49,0,0
BRDA:1319,50,0,2251
BRDA:1321,51,0,2251
BRDA:1326,52,0,96
BRDA:1326,52,1,0
BRDA:1394,53,0,12808
BRDA:1399,54,0,2347
BRDA:1399,55,0,10882
BRDA:1399,55,1,2347
BRDA:1401,56,0,2347
BRDA:1420,57,0,320
BRDA:1420,57,1,0
BRDA:1423,58,0,0
BRDA:1427,59,0,1
BRDA:1427,60,0,320
BRDA:1427,60,1,1
BRDA:1431,61,0,254
BRDA:1431,62,0,319
BRDA:1431,62,1,65
BRDA:1435,63,0,65
BRDA:1435,63,1,0
BRDA:1439,64,0,82
BRDA:1442,65,0,145
BRDA:1445,66,0,1
BRDA:1453,67,0,265
BRDA:1458,68,0,55
BRDA:1458,68,1,55
BRDA:1466,69,0,320
BRDA:1466,69,1,0
BRDA:1467,70,0,320
BRDA:1467,70,1,301
BRDA:1468,71,0,320
BRDA:1468,71,1,0
BRDA:1469,72,0,320
BRDA:1469,72,1,0
BRDA:1471,73,0,320
BRDA:1471,73,1,0
BRDA:1474,74,0,320
BRDA:1474,74,1,0
BRDA:1474,75,0,320
BRDA:1474,75,1,0
BRDA:1475,76,0,320
BRDA:1475,76,1,19
BRDA:1498,77,0,3
BRDA:1502,78,0,0
BRDA:1507,79,0,4
BRDA:1510,80,0,1
BRDA:1514,81,0,4
BRDA:1515,82,0,2
BRDA:1517,83,0,2
BRDA:1517,83,1,0
BRDA:1520,84,0,1
BRDA:1520,85,0,2
BRDA:1520,85,1,1
BRDA:1522,86,0,1
BRDA:1522,86,1,0
BRDA:1527,87,0,2
BRDA:1527,88,0,2
BRDA:1527,88,1,2
BRDA:1529,89,0,2
BRDA:1529,89,1,0
BRDA:1537,90,0,1
BRDA:1543,91,0,1
BRDA:1550,92,0,0
BRDA:1554,93,0,226
BRDA:1554,93,1,0
BRDA:1559,94,0,6297
BRDA:1559,95,0,6523
BRDA:1559,95,1,226
BRDA:1564,96,0,0
BRDA:1564,97,0,226
BRDA:1564,97,1,226
BRDA:1568,98,0,0
BRDA:1568,99,0,226
BRDA:1568,99,1,226
BRDA:1572,100,0,226
BRDA:1572,100,1,0
BRDA:1572,101,0,226
BRDA:1572,101,1,226
BRDA:1581,102,0,416
BRDA:1584,103,0,9
BRDA:1588,104,0,226
BRDA:1591,105,0,1
BRDA:1599,106,0,0
BRDA:1603,107,0,6523
BRDA:1603,107,1,3288
BRDA:1603,107,2,3288
BRDA:1603,107,3,3288
BRDA:1603,107,4,2595
BRDA:1603,107,5,2595
BRDA:1603,107,6,2595
BRDA:1616,108,0,7
BRDA:1624,109,0,0
BRDA:1632,110,0,0
BRDA:1633,111,0,0
BRDA:1634,112,0,0
BRDA:1635,113,0,0
BRDA:1636,114,0,0
BRDA:1637,115,0,0
BRDA:1660,116,0,2581
BRDA:1667,117,0,586
BRDA:1668,118,0,29
BRDA:1669,119,0,614
BRDA:1674,120,0,623
BRDA:1674,121,0,6587
BRDA:1674,121,1,6559
BRDA:1675,122,0,663
BRDA:1675,123,0,5964
BRDA:1675,123,1,5954
BRDA:1676,124,0,2752
BRDA:1682,125,0,6587
BRDA:1682,125,1,1
BRDA:1691,126,0,136
BRDA:1692,127,0,6587
BRDA:1692,127,1,5983
BRDA:1692,127,2,231
BRDA:1692,127,3,203
BRDA:1692,127,4,203
BRDA:1692,127,5,202
BRDA:1708,128,0,256
BRDA:1708,128,1,92
BRDA:1712,129,0,16
BRDA:1712,129,1,1
BRDA:1723,130,0,2
BRDA:1723,131,0,16
BRDA:1723,131,1,4
BRDA:1731,132,0,16
BRDA:1731,132,1,0
BRDA:1732,133,0,16
BRDA:1732,133,1,0
BRDA:1733,134,0,16
BRDA:1733,134,1,15
BRDA:1739,135,0,16
BRDA:1739,135,1,15
BRDA:1745,136,0,16
BRDA:1745,136,1,15
BRDA:1746,137,0,16
BRDA:1746,137,1,0
BRDA:1754,138,0,16
BRDA:1754,138,1,16
BRDA:1759,139,0,5
BRDA:1771,140,0,4239
BRDA:1771,141,0,6507
BRDA:1771,141,1,4635
BRDA:1778,142,0,4653
BRDA:1778,142,1,1854
BRDA:1785,143,0,0
BRDA:1793,144,0,9
BRDA:1793,145,0,9
BRDA:1793,145,1,9
BRDA:1804,146,0,0
BRDA:1813,147,0,9
BRDA:1854,148,0,0
BRDA:1861,149,0,0
BRDA:1869,150,0,0
BRDA:1873,151,0,0
BRDA:1892,152,0,0
BRDA:1894,153,0,1
BRDA:1898,154,0,0
BRDA:1898,154,1,1
BRDA:1959,155,0,28
BRDA:1959,155,1,3
BRDA:1961,156,0,28
BRDA:1961,156,1,3
BRDA:1968,157,0,28
BRDA:1968,157,1,3
BRDA:1973,158,0,2
BRDA:1973,158,1,26
BRDA:1981,159,0,2
BRDA:1981,159,1,24
BRDA:1989,160,0,2
BRDA:1989,160,1,22
BRDA:1996,161,0,1
BRDA:1996,161,1,21
BRDA:2004,162,0,2
BRDA:2004,162,1,19
BRDA:2012,163,0,4
BRDA:2012,163,1,15
BRDA:2020,164,0,1
BRDA:2020,164,1,14
BRDA:2027,165,0,2
BRDA:2027,165,1,12
BRDA:2028,166,0,1
BRDA:2028,166,1,1
BRDA:2034,167,0,2
BRDA:2034,167,1,10
BRDA:2038,168,0,2
BRDA:2038,168,1,0
BRDA:2042,169,0,2
BRDA:2042,169,1,8
BRDA:2042,170,0,10
BRDA:2042,170,1,8
BRDA:2043,171,0,0
BRDA:2043,171,1,2
BRDA:2046,172,0,1
BRDA:2046,172,1,1
BRDA:2049,173,0,1
BRDA:2049,173,1,0
BRDA:2060,174,0,1
BRDA:2060,174,1,7
BRDA:2066,175,0,2
BRDA:2068,176,0,1
BRDA:2068,176,1,1
BRDA:2068,177,0,1
BRDA:2068,177,1,0
BRDA:2070,178,0,0
BRDA:2070,178,1,2
BRDA:2072,179,0,1
BRDA:2073,180,0,1
BRDA:2104,181,0,2
BRDA:2115,182,0,1
BRF:289
BRH:236
end_of_record
TN:
SF:src/champion-utils.ts
FN:26,(anonymous_0)
FN:46,(anonymous_1)
FN:49,(anonymous_2)
FN:57,(anonymous_3)
FN:76,(anonymous_4)
FN:77,(anonymous_5)
FN:83,(anonymous_6)
FN:106,(anonymous_7)
FN:117,(anonymous_8)
FN:120,(anonymous_9)
FN:121,(anonymous_10)
FN:131,(anonymous_11)
FN:142,(anonymous_12)
FN:154,(anonymous_13)
FN:183,(anonymous_14)
FN:186,(anonymous_15)
FN:199,(anonymous_16)
FN:205,(anonymous_17)
FN:206,(anonymous_18)
FNF:19
FNH:17
FNDA:38,(anonymous_0)
FNDA:47,(anonymous_1)
FNDA:10,(anonymous_2)
FNDA:20,(anonymous_3)
FNDA:40,(anonymous_4)
FNDA:89,(anonymous_5)
FNDA:45,(anonymous_6)
FNDA:40,(anonymous_7)
FNDA:11,(anonymous_8)
FNDA:0,(anonymous_9)
FNDA:0,(anonymous_10)
FNDA:40,(anonymous_11)
FNDA:16,(anonymous_12)
FNDA:18,(anonymous_13)
FNDA:10,(anonymous_14)
FNDA:2,(anonymous_15)
FNDA:14,(anonymous_16)
FNDA:12,(anonymous_17)
FNDA:11,(anonymous_18)
DA:26,9
DA:27,38
DA:31,38
DA:32,38
DA:33,6
DA:38,32
DA:39,32
DA:40,6
DA:43,26
DA:46,9
DA:47,47
DA:48,47
DA:49,47
DA:50,10
DA:51,10
DA:52,10
DA:55,47
DA:56,47
DA:57,47
DA:58,20
DA:59,20
DA:60,0
DA:62,20
DA:63,20
DA:66,47
DA:68,47
DA:76,9
DA:77,89
DA:83,9
DA:88,45
DA:89,45
DA:90,45
DA:91,49
DA:92,17
DA:94,32
DA:95,32
DA:96,9
DA:98,23
DA:99,20
DA:100,20
DA:103,25
DA:106,9
DA:111,40
DA:112,40
DA:113,40
DA:115,15
DA:117,11
DA:120,0
DA:121,0
DA:122,15
DA:123,4
DA:125,11
DA:126,11
DA:128,36
DA:131,9
DA:135,40
DA:136,40
DA:137,40
DA:138,40
DA:139,4
DA:141,36
DA:142,36
DA:143,16
DA:144,16
DA:145,16
DA:146,0
DA:148,16
DA:151,36
DA:152,36
DA:154,36
DA:155,18
DA:156,5
DA:157,1
DA:159,4
DA:160,3
DA:161,3
DA:164,15
DA:165,2
DA:166,1
DA:168,1
DA:169,0
DA:170,0
DA:173,15
DA:176,36
DA:177,16
DA:178,16
DA:180,18
DA:183,10
DA:186,2
DA:189,18
DA:190,6
DA:192,12
DA:196,30
DA:199,9
DA:200,14
DA:201,14
DA:202,6
DA:204,14
DA:205,12
DA:206,11
DA:207,14
DA:208,9
DA:210,14
DA:211,5
DA:213,14
DA:214,1
DA:216,13
LF:107
LH:101
BRDA:27,0,0,38
BRDA:27,0,1,2
BRDA:31,1,0,38
BRDA:31,1,1,35
BRDA:32,2,0,6
BRDA:38,3,0,32
BRDA:38,3,1,28
BRDA:39,4,0,6
BRDA:47,5,0,47
BRDA:47,5,1,2
BRDA:48,6,0,47
BRDA:48,6,1,38
BRDA:50,7,0,10
BRDA:50,7,1,0
BRDA:51,8,0,10
BRDA:51,8,1,0
BRDA:52,9,0,10
BRDA:52,9,1,0
BRDA:55,10,0,47
BRDA:55,10,1,33
BRDA:58,11,0,20
BRDA:58,11,1,0
BRDA:59,12,0,0
BRDA:63,13,0,20
BRDA:63,13,1,16
BRDA:78,14,0,89
BRDA:78,14,1,1
BRDA:79,15,0,89
BRDA:79,15,1,0
BRDA:80,16,0,89
BRDA:80,16,1,0
BRDA:89,17,0,45
BRDA:89,17,1,0
BRDA:91,18,0,17
BRDA:95,19,0,9
BRDA:95,20,0,32
BRDA:95,20,1,32
BRDA:98,21,0,20
BRDA:115,22,0,15
BRDA:115,22,1,4
BRDA:115,22,2,4
BRDA:117,23,0,11
BRDA:117,23,1,11
BRDA:117,23,2,11
BRDA:120,24,0,0
BRDA:120,24,1,0
BRDA:122,25,0,4
BRDA:138,26,0,4
BRDA:144,27,0,16
BRDA:144,27,1,0
BRDA:145,28,0,0
BRDA:145,29,0,16
BRDA:145,29,1,16
BRDA:156,30,0,1
BRDA:159,31,0,3
BRDA:159,32,0,4
BRDA:159,32,1,3
BRDA:159,33,0,4
BRDA:159,33,1,0
BRDA:159,34,0,3
BRDA:159,34,1,0
BRDA:165,35,0,1
BRDA:168,36,0,0
BRDA:168,37,0,1
BRDA:168,37,1,0
BRDA:168,38,0,0
BRDA:168,38,1,0
BRDA:180,39,0,18
BRDA:180,39,1,15
BRDA:180,39,2,7
BRDA:183,40,0,10
BRDA:183,40,1,8
BRDA:183,40,2,8
BRDA:183,41,0,10
BRDA:183,41,1,1
BRDA:183,42,0,8
BRDA:183,42,1,0
BRDA:186,43,0,2
BRDA:186,43,1,1
BRDA:186,43,2,1
BRDA:186,44,0,1
BRDA:186,44,1,0
BRDA:189,45,0,6
BRDA:192,46,0,12
BRDA:192,46,1,0
BRDA:201,47,0,6
BRDA:205,48,0,12
BRDA:205,48,1,0
BRDA:206,49,0,4
BRDA:206,49,1,7
BRDA:206,50,0,11
BRDA:206,50,1,11
BRDA:207,51,0,9
BRDA:210,52,0,5
BRDA:213,53,0,1
BRF:95
BRH:73
end_of_record
TN:
SF:src/game-engine.ts
FN:51,(anonymous_0)
FN:59,(anonymous_1)
FN:69,(anonymous_2)
FN:355,(anonymous_3)
FN:364,(anonymous_4)
FN:576,(anonymous_5)
FN:580,(anonymous_6)
FN:596,(anonymous_7)
FN:627,(anonymous_8)
FN:647,(anonymous_9)
FN:655,(anonymous_10)
FN:659,(anonymous_11)
FN:660,(anonymous_12)
FN:666,(anonymous_13)
FN:818,(anonymous_14)
FN:856,(anonymous_15)
FN:864,(anonymous_16)
FN:926,(anonymous_17)
FN:927,(anonymous_18)
FN:942,(anonymous_19)
FN:959,(anonymous_20)
FN:961,(anonymous_21)
FN:962,(anonymous_22)
FN:991,(anonymous_23)
FN:1009,(anonymous_24)
FN:1015,(anonymous_25)
FN:1016,(anonymous_26)
FN:1027,(anonymous_27)
FN:1033,(anonymous_28)
FN:1040,(anonymous_29)
FN:1051,(anonymous_30)
FN:1059,(anonymous_31)
FN:1067,(anonymous_32)
FN:1071,(anonymous_33)
FN:1091,(anonymous_34)
FN:1092,(anonymous_35)
FN:1097,(anonymous_36)
FN:1098,(anonymous_37)
FN:1107,(anonymous_38)
FN:1114,(anonymous_39)
FN:1115,(anonymous_40)
FN:1124,(anonymous_41)
FN:1131,(anonymous_42)
FN:1133,(anonymous_43)
FN:1156,(anonymous_44)
FN:1163,(anonymous_45)
FN:1169,(anonymous_46)
FN:1178,(anonymous_47)
FN:1200,(anonymous_48)
FN:1216,(anonymous_49)
FN:1234,(anonymous_50)
FN:1236,(anonymous_51)
FN:1245,(anonymous_52)
FN:1310,(anonymous_53)
FN:1346,(anonymous_54)
FN:1385,(anonymous_55)
FN:1391,(anonymous_56)
FN:1412,(anonymous_57)
FN:1426,(anonymous_58)
FN:1444,(anonymous_59)
FN:1456,(anonymous_60)
FN:1474,(anonymous_61)
FN:1478,(anonymous_62)
FN:1482,(anonymous_63)
FN:1490,(anonymous_64)
FN:1498,(anonymous_65)
FN:1515,(anonymous_66)
FN:1528,(anonymous_67)
FN:1550,(anonymous_68)
FN:1551,(anonymous_69)
FN:1570,(anonymous_70)
FN:1574,(anonymous_71)
FN:1581,(anonymous_72)
FN:1599,(anonymous_73)
FN:1619,(anonymous_74)
FN:1644,(anonymous_75)
FN:1648,(anonymous_76)
FN:1649,(anonymous_77)
FN:1663,(anonymous_78)
FN:1670,(anonymous_79)
FN:1686,(anonymous_80)
FN:1689,(anonymous_81)
FN:1698,(anonymous_82)
FN:1710,(anonymous_83)
FN:1745,(anonymous_84)
FN:1746,(anonymous_85)
FN:1749,(anonymous_86)
FN:1750,(anonymous_87)
FN:1753,(anonymous_88)
FN:1769,(anonymous_89)
FN:1779,(anonymous_90)
FN:1793,(anonymous_91)
FN:1810,(anonymous_92)
FN:1840,(anonymous_93)
FN:1856,(anonymous_94)
FN:1870,(anonymous_95)
FN:1871,(anonymous_96)
FN:1876,(anonymous_97)
FN:1888,(anonymous_98)
FN:1908,(anonymous_99)
FN:2042,(anonymous_100)
FN:2062,(anonymous_101)
FN:2073,(anonymous_102)
FN:2125,(anonymous_103)
FN:2133,(anonymous_104)
FN:2153,(anonymous_105)
FN:2177,(anonymous_106)
FN:2218,(anonymous_107)
FN:2231,(anonymous_108)
FN:2240,(anonymous_109)
FN:2244,(anonymous_110)
FN:2254,(anonymous_111)
FN:2278,(anonymous_112)
FN:2301,(anonymous_113)
FN:2302,(anonymous_114)
FN:2333,(anonymous_115)
FN:2404,(anonymous_116)
FN:2408,(anonymous_117)
FN:2419,(anonymous_118)
FN:2427,(anonymous_119)
FN:2437,(anonymous_120)
FN:2451,(anonymous_121)
FN:2505,(anonymous_122)
FN:2558,(anonymous_123)
FN:2581,(anonymous_124)
FN:2626,(anonymous_125)
FN:2654,(anonymous_126)
FN:2675,(anonymous_127)
FN:2708,(anonymous_128)
FN:2727,(anonymous_129)
FN:2757,(anonymous_130)
FN:2784,(anonymous_131)
FN:2795,(anonymous_132)
FN:2804,(anonymous_133)
FN:2808,(anonymous_134)
FN:2825,(anonymous_135)
FN:2849,(anonymous_136)
FN:2891,(anonymous_137)
FN:2912,(anonymous_138)
FN:2962,(anonymous_139)
FN:2972,(anonymous_140)
FN:2980,(anonymous_141)
FN:2984,(anonymous_142)
FN:3011,(anonymous_143)
FN:3053,(anonymous_144)
FN:3062,(anonymous_145)
FN:3075,(anonymous_146)
FN:3103,(anonymous_147)
FN:3117,(anonymous_148)
FN:3146,(anonymous_149)
FN:3168,(anonymous_150)
FN:3169,(anonymous_151)
FN:3180,(anonymous_152)
FN:3192,(anonymous_153)
FN:3250,(anonymous_154)
FN:3273,(anonymous_155)
FN:3282,(anonymous_156)
FN:3299,(anonymous_157)
FN:3313,(anonymous_158)
FN:3329,(anonymous_159)
FN:3353,(anonymous_160)
FN:3377,(anonymous_161)
FN:3390,(anonymous_162)
FN:3433,(anonymous_163)
FN:3441,(anonymous_164)
FN:3490,(anonymous_165)
FN:3510,(anonymous_166)
FN:3528,(anonymous_167)
FN:3551,(anonymous_168)
FN:3576,(anonymous_169)
FN:3583,(anonymous_170)
FN:3586,(anonymous_171)
FN:3596,(anonymous_172)
FN:3614,(anonymous_173)
FN:3690,(anonymous_174)
FN:3696,(anonymous_175)
FN:3699,(anonymous_176)
FN:3700,(anonymous_177)
FN:3757,(anonymous_178)
FN:3779,(anonymous_179)
FN:3787,(anonymous_180)
FN:3793,(anonymous_181)
FN:3803,(anonymous_182)
FN:3886,(anonymous_183)
FN:3889,(anonymous_184)
FN:3908,(anonymous_185)
FN:3983,(anonymous_186)
FN:4015,(anonymous_187)
FN:4118,(anonymous_188)
FN:4123,(anonymous_189)
FN:4137,(anonymous_190)
FN:4140,(anonymous_191)
FN:4198,(anonymous_192)
FN:4221,(anonymous_193)
FN:4251,(anonymous_194)
FN:4257,(anonymous_195)
FN:4267,(anonymous_196)
FN:4305,(anonymous_197)
FN:4319,(anonymous_198)
FN:4362,(anonymous_199)
FN:4375,(anonymous_200)
FN:4380,(anonymous_201)
FN:4396,(anonymous_202)
FN:4413,(anonymous_203)
FN:4422,(anonymous_204)
FN:4457,(anonymous_205)
FN:4490,(anonymous_206)
FN:4540,(anonymous_207)
FN:4551,(anonymous_208)
FN:4558,(anonymous_209)
FN:4559,(anonymous_210)
FN:4599,(anonymous_211)
FN:4606,(anonymous_212)
FN:4642,(anonymous_213)
FN:4649,(anonymous_214)
FN:4688,(anonymous_215)
FN:4700,(anonymous_216)
FN:4702,(anonymous_217)
FN:4722,(anonymous_218)
FN:4747,(anonymous_219)
FN:4759,(anonymous_220)
FN:4763,(anonymous_221)
FN:4780,(anonymous_222)
FN:4790,(anonymous_223)
FN:4801,(anonymous_224)
FN:4808,(anonymous_225)
FN:4817,(anonymous_226)
FN:4820,(anonymous_227)
FN:4833,(anonymous_228)
FN:4903,(anonymous_229)
FN:4905,(anonymous_230)
FN:4943,(anonymous_231)
FN:4962,(anonymous_232)
FN:4995,(anonymous_233)
FN:5033,(anonymous_234)
FN:5040,(anonymous_235)
FN:5059,(anonymous_236)
FN:5064,(anonymous_237)
FN:5073,(anonymous_238)
FN:5099,(anonymous_239)
FN:5120,(anonymous_240)
FN:5156,(anonymous_241)
FN:5181,(anonymous_242)
FN:5220,(anonymous_243)
FN:5255,(anonymous_244)
FN:5263,(anonymous_245)
FN:5272,(anonymous_246)
FN:5301,(anonymous_247)
FN:5304,(anonymous_248)
FN:5312,(anonymous_249)
FN:5314,(anonymous_250)
FN:5318,(anonymous_251)
FN:5326,(anonymous_252)
FN:5341,(anonymous_253)
FN:5346,(anonymous_254)
FN:5367,(anonymous_255)
FN:5381,(anonymous_256)
FN:5406,(anonymous_257)
FN:5410,(anonymous_258)
FN:5485,(anonymous_259)
FN:5491,(anonymous_260)
FN:5521,(anonymous_261)
FN:5541,(anonymous_262)
FN:5551,(anonymous_263)
FN:5580,(anonymous_264)
FN:5587,(anonymous_265)
FN:5606,(anonymous_266)
FN:5610,(anonymous_267)
FN:5637,(anonymous_268)
FN:5708,(anonymous_269)
FN:5721,(anonymous_270)
FN:5743,(anonymous_271)
FN:5781,(anonymous_272)
FN:5803,(anonymous_273)
FN:5828,(anonymous_274)
FN:5838,(anonymous_275)
FN:5867,(anonymous_276)
FN:5875,(anonymous_277)
FN:5913,(anonymous_278)
FN:5968,(anonymous_279)
FN:5995,(anonymous_280)
FN:6042,(anonymous_281)
FN:6043,(anonymous_282)
FN:6046,(anonymous_283)
FN:6059,(anonymous_284)
FN:6089,(anonymous_285)
FN:6090,(anonymous_286)
FN:6096,(anonymous_287)
FN:6102,(anonymous_288)
FN:6113,(anonymous_289)
FN:6145,(anonymous_290)
FN:6154,(anonymous_291)
FN:6155,(anonymous_292)
FN:6158,(anonymous_293)
FN:6169,(anonymous_294)
FN:6185,(anonymous_295)
FN:6218,(anonymous_296)
FN:6225,(anonymous_297)
FN:6236,(anonymous_298)
FN:6248,(anonymous_299)
FN:6289,(anonymous_300)
FN:6300,(anonymous_301)
FN:6305,(anonymous_302)
FN:6353,(anonymous_303)
FN:6363,(anonymous_304)
FN:6370,(anonymous_305)
FN:6384,(anonymous_306)
FN:6401,(anonymous_307)
FN:6442,(anonymous_308)
FN:6450,(anonymous_309)
FN:6467,(anonymous_310)
FN:6471,(anonymous_311)
FN:6475,(anonymous_312)
FN:6498,(anonymous_313)
FN:6514,(anonymous_314)
FN:6525,(anonymous_315)
FN:6528,(anonymous_316)
FN:6571,(anonymous_317)
FN:6592,(anonymous_318)
FN:6598,(anonymous_319)
FN:6611,(anonymous_320)
FN:6617,(anonymous_321)
FN:6623,(anonymous_322)
FN:6632,(anonymous_323)
FN:6640,(anonymous_324)
FN:6655,(anonymous_325)
FN:6677,(anonymous_326)
FN:6696,(anonymous_327)
FN:6717,(anonymous_328)
FN:6734,(anonymous_329)
FN:6736,(anonymous_330)
FN:6744,(anonymous_331)
FN:6751,(anonymous_332)
FN:6753,(anonymous_333)
FN:6754,(anonymous_334)
FN:6757,(anonymous_335)
FN:6768,(anonymous_336)
FN:6772,(anonymous_337)
FN:6776,(anonymous_338)
FN:6802,(anonymous_339)
FN:6811,(anonymous_340)
FN:6825,(anonymous_341)
FN:6839,(anonymous_342)
FN:6840,(anonymous_343)
FN:6849,(anonymous_344)
FN:6850,(anonymous_345)
FN:6856,(anonymous_346)
FN:6875,(anonymous_347)
FN:6905,(anonymous_348)
FN:6919,(anonymous_349)
FN:6927,(anonymous_350)
FN:6935,(anonymous_351)
FN:6949,(anonymous_352)
FN:6950,(anonymous_353)
FN:6960,(anonymous_354)
FN:7002,(anonymous_355)
FN:7006,(anonymous_356)
FN:7007,(anonymous_357)
FN:7010,(anonymous_358)
FN:7011,(anonymous_359)
FN:7018,(anonymous_360)
FN:7021,(anonymous_361)
FN:7022,(anonymous_362)
FN:7023,(anonymous_363)
FN:7029,(anonymous_364)
FN:7032,(anonymous_365)
FN:7033,(anonymous_366)
FN:7034,(anonymous_367)
FN:7040,(anonymous_368)
FN:7050,(anonymous_369)
FN:7084,(anonymous_370)
FN:7150,(anonymous_371)
FN:7155,(anonymous_372)
FN:7156,(anonymous_373)
FN:7163,(anonymous_374)
FN:7164,(anonymous_375)
FN:7172,(anonymous_376)
FN:7179,(anonymous_377)
FN:7187,(anonymous_378)
FN:7197,(anonymous_379)
FN:7207,(anonymous_380)
FN:7214,(anonymous_381)
FN:7241,(anonymous_382)
FN:7252,(anonymous_383)
FN:7259,(anonymous_384)
FN:7270,(anonymous_385)
FN:7272,(anonymous_386)
FN:7284,(anonymous_387)
FN:7316,(anonymous_388)
FN:7332,(anonymous_389)
FN:7347,(anonymous_390)
FN:7351,(anonymous_391)
FN:7353,(anonymous_392)
FN:7360,(anonymous_393)
FN:7368,(anonymous_394)
FN:7373,(anonymous_395)
FN:7380,(anonymous_396)
FN:7432,(anonymous_397)
FN:7444,(anonymous_398)
FN:7465,(anonymous_399)
FN:7495,(anonymous_400)
FN:7513,(anonymous_401)
FN:7529,(anonymous_402)
FN:7642,(anonymous_403)
FN:7649,(anonymous_404)
FN:7658,(anonymous_405)
FN:7662,(anonymous_406)
FN:7667,(anonymous_407)
FN:7672,(anonymous_408)
FN:7676,(anonymous_409)
FN:7691,(anonymous_410)
FN:7699,(anonymous_411)
FN:7704,(anonymous_412)
FN:7737,(anonymous_413)
FN:7790,(anonymous_414)
FN:7796,(anonymous_415)
FN:7808,(anonymous_416)
FN:7809,(anonymous_417)
FN:7823,(anonymous_418)
FN:7831,(anonymous_419)
FN:7843,(anonymous_420)
FN:7868,(anonymous_421)
FN:7884,(anonymous_422)
FN:7899,(anonymous_423)
FN:7900,(anonymous_424)
FN:7917,(anonymous_425)
FN:7934,(anonymous_426)
FN:7936,(anonymous_427)
FN:7948,(anonymous_428)
FN:7973,(anonymous_429)
FN:7981,(anonymous_430)
FN:7985,(anonymous_431)
FN:7999,(anonymous_432)
FN:8006,(anonymous_433)
FN:8066,(anonymous_434)
FN:8137,(anonymous_435)
FN:8150,(anonymous_436)
FN:8152,(anonymous_437)
FN:8165,(anonymous_438)
FN:8174,(anonymous_439)
FN:8187,(anonymous_440)
FN:8191,(anonymous_441)
FN:8198,(anonymous_442)
FN:8231,(anonymous_443)
FN:8249,(anonymous_444)
FN:8250,(anonymous_445)
FN:8264,(anonymous_446)
FN:8272,(anonymous_447)
FN:8273,(anonymous_448)
FN:8284,(anonymous_449)
FN:8312,(anonymous_450)
FN:8342,(anonymous_451)
FN:8350,(anonymous_452)
FN:8359,(anonymous_453)
FN:8364,(anonymous_454)
FN:8383,(anonymous_455)
FN:8398,(anonymous_456)
FN:8403,(anonymous_457)
FN:8407,(anonymous_458)
FN:8411,(anonymous_459)
FN:8418,(anonymous_460)
FN:8423,(anonymous_461)
FN:8424,(anonymous_462)
FN:8441,(anonymous_463)
FN:8445,(anonymous_464)
FN:8449,(anonymous_465)
FN:8453,(anonymous_466)
FN:8457,(anonymous_467)
FN:8461,(anonymous_468)
FNF:469
FNH:379
FNDA:9,(anonymous_0)
FNDA:9,(anonymous_1)
FNDA:9,(anonymous_2)
FNDA:9,(anonymous_3)
FNDA:9,(anonymous_4)
FNDA:538,(anonymous_5)
FNDA:1071,(anonymous_6)
FNDA:1070,(anonymous_7)
FNDA:28,(anonymous_8)
FNDA:26,(anonymous_9)
FNDA:28,(anonymous_10)
FNDA:28,(anonymous_11)
FNDA:56,(anonymous_12)
FNDA:3,(anonymous_13)
FNDA:1070,(anonymous_14)
FNDA:40664,(anonymous_15)
FNDA:499,(anonymous_16)
FNDA:496,(anonymous_17)
FNDA:4,(anonymous_18)
FNDA:908,(anonymous_19)
FNDA:450,(anonymous_20)
FNDA:900,(anonymous_21)
FNDA:900,(anonymous_22)
FNDA:448,(anonymous_23)
FNDA:896,(anonymous_24)
FNDA:448,(anonymous_25)
FNDA:0,(anonymous_26)
FNDA:2,(anonymous_27)
FNDA:897,(anonymous_28)
FNDA:2,(anonymous_29)
FNDA:1,(anonymous_30)
FNDA:1,(anonymous_31)
FNDA:896,(anonymous_32)
FNDA:2,(anonymous_33)
FNDA:449,(anonymous_34)
FNDA:897,(anonymous_35)
FNDA:896,(anonymous_36)
FNDA:896,(anonymous_37)
FNDA:448,(anonymous_38)
FNDA:448,(anonymous_39)
FNDA:1,(anonymous_40)
FNDA:887,(anonymous_41)
FNDA:6,(anonymous_42)
FNDA:1,(anonymous_43)
FNDA:443,(anonymous_44)
FNDA:8,(anonymous_45)
FNDA:22,(anonymous_46)
FNDA:2,(anonymous_47)
FNDA:6,(anonymous_48)
FNDA:1,(anonymous_49)
FNDA:14,(anonymous_50)
FNDA:41,(anonymous_51)
FNDA:11,(anonymous_52)
FNDA:6,(anonymous_53)
FNDA:585,(anonymous_54)
FNDA:585,(anonymous_55)
FNDA:595,(anonymous_56)
FNDA:3830,(anonymous_57)
FNDA:35360,(anonymous_58)
FNDA:209,(anonymous_59)
FNDA:20101,(anonymous_60)
FNDA:1682,(anonymous_61)
FNDA:1487,(anonymous_62)
FNDA:3828,(anonymous_63)
FNDA:4023,(anonymous_64)
FNDA:1,(anonymous_65)
FNDA:585,(anonymous_66)
FNDA:2,(anonymous_67)
FNDA:668,(anonymous_68)
FNDA:2070,(anonymous_69)
FNDA:359,(anonymous_70)
FNDA:18,(anonymous_71)
FNDA:1209,(anonymous_72)
FNDA:459,(anonymous_73)
FNDA:16,(anonymous_74)
FNDA:1225,(anonymous_75)
FNDA:1203,(anonymous_76)
FNDA:143,(anonymous_77)
FNDA:0,(anonymous_78)
FNDA:0,(anonymous_79)
FNDA:79,(anonymous_80)
FNDA:8,(anonymous_81)
FNDA:10,(anonymous_82)
FNDA:98,(anonymous_83)
FNDA:16,(anonymous_84)
FNDA:32,(anonymous_85)
FNDA:585,(anonymous_86)
FNDA:1171,(anonymous_87)
FNDA:62,(anonymous_88)
FNDA:585,(anonymous_89)
FNDA:1801,(anonymous_90)
FNDA:2925,(anonymous_91)
FNDA:31,(anonymous_92)
FNDA:31,(anonymous_93)
FNDA:31,(anonymous_94)
FNDA:10,(anonymous_95)
FNDA:8,(anonymous_96)
FNDA:0,(anonymous_97)
FNDA:5,(anonymous_98)
FNDA:187,(anonymous_99)
FNDA:174,(anonymous_100)
FNDA:0,(anonymous_101)
FNDA:107,(anonymous_102)
FNDA:0,(anonymous_103)
FNDA:0,(anonymous_104)
FNDA:0,(anonymous_105)
FNDA:0,(anonymous_106)
FNDA:6,(anonymous_107)
FNDA:178,(anonymous_108)
FNDA:179,(anonymous_109)
FNDA:10,(anonymous_110)
FNDA:0,(anonymous_111)
FNDA:176,(anonymous_112)
FNDA:1,(anonymous_113)
FNDA:0,(anonymous_114)
FNDA:0,(anonymous_115)
FNDA:179,(anonymous_116)
FNDA:175,(anonymous_117)
FNDA:31,(anonymous_118)
FNDA:20,(anonymous_119)
FNDA:17,(anonymous_120)
FNDA:13,(anonymous_121)
FNDA:6,(anonymous_122)
FNDA:6,(anonymous_123)
FNDA:1,(anonymous_124)
FNDA:1,(anonymous_125)
FNDA:0,(anonymous_126)
FNDA:0,(anonymous_127)
FNDA:1,(anonymous_128)
FNDA:2,(anonymous_129)
FNDA:0,(anonymous_130)
FNDA:2,(anonymous_131)
FNDA:1,(anonymous_132)
FNDA:1,(anonymous_133)
FNDA:1,(anonymous_134)
FNDA:26,(anonymous_135)
FNDA:8,(anonymous_136)
FNDA:35,(anonymous_137)
FNDA:66,(anonymous_138)
FNDA:2,(anonymous_139)
FNDA:11,(anonymous_140)
FNDA:16,(anonymous_141)
FNDA:2,(anonymous_142)
FNDA:17,(anonymous_143)
FNDA:17,(anonymous_144)
FNDA:26,(anonymous_145)
FNDA:17,(anonymous_146)
FNDA:2495,(anonymous_147)
FNDA:6,(anonymous_148)
FNDA:3,(anonymous_149)
FNDA:112,(anonymous_150)
FNDA:29,(anonymous_151)
FNDA:2,(anonymous_152)
FNDA:112,(anonymous_153)
FNDA:112,(anonymous_154)
FNDA:112,(anonymous_155)
FNDA:225,(anonymous_156)
FNDA:113,(anonymous_157)
FNDA:107,(anonymous_158)
FNDA:3,(anonymous_159)
FNDA:2,(anonymous_160)
FNDA:110,(anonymous_161)
FNDA:321,(anonymous_162)
FNDA:1,(anonymous_163)
FNDA:107,(anonymous_164)
FNDA:1,(anonymous_165)
FNDA:0,(anonymous_166)
FNDA:1,(anonymous_167)
FNDA:3,(anonymous_168)
FNDA:14,(anonymous_169)
FNDA:3,(anonymous_170)
FNDA:2,(anonymous_171)
FNDA:107,(anonymous_172)
FNDA:56,(anonymous_173)
FNDA:116,(anonymous_174)
FNDA:27,(anonymous_175)
FNDA:20,(anonymous_176)
FNDA:20,(anonymous_177)
FNDA:3,(anonymous_178)
FNDA:5,(anonymous_179)
FNDA:2,(anonymous_180)
FNDA:2,(anonymous_181)
FNDA:2,(anonymous_182)
FNDA:2,(anonymous_183)
FNDA:4,(anonymous_184)
FNDA:4,(anonymous_185)
FNDA:1,(anonymous_186)
FNDA:5,(anonymous_187)
FNDA:2,(anonymous_188)
FNDA:2,(anonymous_189)
FNDA:1,(anonymous_190)
FNDA:1,(anonymous_191)
FNDA:107,(anonymous_192)
FNDA:107,(anonymous_193)
FNDA:105,(anonymous_194)
FNDA:102,(anonymous_195)
FNDA:1,(anonymous_196)
FNDA:103,(anonymous_197)
FNDA:0,(anonymous_198)
FNDA:3,(anonymous_199)
FNDA:3,(anonymous_200)
FNDA:0,(anonymous_201)
FNDA:3,(anonymous_202)
FNDA:1,(anonymous_203)
FNDA:1,(anonymous_204)
FNDA:103,(anonymous_205)
FNDA:1,(anonymous_206)
FNDA:103,(anonymous_207)
FNDA:0,(anonymous_208)
FNDA:0,(anonymous_209)
FNDA:0,(anonymous_210)
FNDA:1,(anonymous_211)
FNDA:1,(anonymous_212)
FNDA:2,(anonymous_213)
FNDA:4,(anonymous_214)
FNDA:9,(anonymous_215)
FNDA:16,(anonymous_216)
FNDA:16,(anonymous_217)
FNDA:16,(anonymous_218)
FNDA:2,(anonymous_219)
FNDA:0,(anonymous_220)
FNDA:0,(anonymous_221)
FNDA:0,(anonymous_222)
FNDA:0,(anonymous_223)
FNDA:0,(anonymous_224)
FNDA:0,(anonymous_225)
FNDA:0,(anonymous_226)
FNDA:0,(anonymous_227)
FNDA:0,(anonymous_228)
FNDA:4,(anonymous_229)
FNDA:0,(anonymous_230)
FNDA:0,(anonymous_231)
FNDA:2134,(anonymous_232)
FNDA:2134,(anonymous_233)
FNDA:1067,(anonymous_234)
FNDA:9,(anonymous_235)
FNDA:22,(anonymous_236)
FNDA:1,(anonymous_237)
FNDA:5,(anonymous_238)
FNDA:5,(anonymous_239)
FNDA:4,(anonymous_240)
FNDA:6,(anonymous_241)
FNDA:6,(anonymous_242)
FNDA:6,(anonymous_243)
FNDA:1,(anonymous_244)
FNDA:2,(anonymous_245)
FNDA:6,(anonymous_246)
FNDA:6,(anonymous_247)
FNDA:6,(anonymous_248)
FNDA:6,(anonymous_249)
FNDA:1,(anonymous_250)
FNDA:3,(anonymous_251)
FNDA:69,(anonymous_252)
FNDA:69,(anonymous_253)
FNDA:9,(anonymous_254)
FNDA:32,(anonymous_255)
FNDA:62,(anonymous_256)
FNDA:12,(anonymous_257)
FNDA:0,(anonymous_258)
FNDA:0,(anonymous_259)
FNDA:0,(anonymous_260)
FNDA:0,(anonymous_261)
FNDA:0,(anonymous_262)
FNDA:0,(anonymous_263)
FNDA:0,(anonymous_264)
FNDA:0,(anonymous_265)
FNDA:0,(anonymous_266)
FNDA:0,(anonymous_267)
FNDA:204,(anonymous_268)
FNDA:1,(anonymous_269)
FNDA:2,(anonymous_270)
FNDA:21,(anonymous_271)
FNDA:23,(anonymous_272)
FNDA:0,(anonymous_273)
FNDA:0,(anonymous_274)
FNDA:4,(anonymous_275)
FNDA:4,(anonymous_276)
FNDA:0,(anonymous_277)
FNDA:0,(anonymous_278)
FNDA:0,(anonymous_279)
FNDA:0,(anonymous_280)
FNDA:0,(anonymous_281)
FNDA:0,(anonymous_282)
FNDA:4,(anonymous_283)
FNDA:4,(anonymous_284)
FNDA:72,(anonymous_285)
FNDA:84,(anonymous_286)
FNDA:42,(anonymous_287)
FNDA:33,(anonymous_288)
FNDA:2,(anonymous_289)
FNDA:6,(anonymous_290)
FNDA:585,(anonymous_291)
FNDA:1,(anonymous_292)
FNDA:1,(anonymous_293)
FNDA:16,(anonymous_294)
FNDA:16,(anonymous_295)
FNDA:1977,(anonymous_296)
FNDA:40601,(anonymous_297)
FNDA:11837,(anonymous_298)
FNDA:2,(anonymous_299)
FNDA:987,(anonymous_300)
FNDA:0,(anonymous_301)
FNDA:11837,(anonymous_302)
FNDA:11837,(anonymous_303)
FNDA:0,(anonymous_304)
FNDA:0,(anonymous_305)
FNDA:1976,(anonymous_306)
FNDA:40601,(anonymous_307)
FNDA:0,(anonymous_308)
FNDA:0,(anonymous_309)
FNDA:40601,(anonymous_310)
FNDA:0,(anonymous_311)
FNDA:133655,(anonymous_312)
FNDA:7,(anonymous_313)
FNDA:0,(anonymous_314)
FNDA:0,(anonymous_315)
FNDA:0,(anonymous_316)
FNDA:0,(anonymous_317)
FNDA:83067,(anonymous_318)
FNDA:8,(anonymous_319)
FNDA:35,(anonymous_320)
FNDA:5,(anonymous_321)
FNDA:8,(anonymous_322)
FNDA:5,(anonymous_323)
FNDA:0,(anonymous_324)
FNDA:0,(anonymous_325)
FNDA:0,(anonymous_326)
FNDA:0,(anonymous_327)
FNDA:2006,(anonymous_328)
FNDA:1790,(anonymous_329)
FNDA:2684,(anonymous_330)
FNDA:1801,(anonymous_331)
FNDA:1789,(anonymous_332)
FNDA:3578,(anonymous_333)
FNDA:3578,(anonymous_334)
FNDA:677,(anonymous_335)
FNDA:648,(anonymous_336)
FNDA:6268,(anonymous_337)
FNDA:12536,(anonymous_338)
FNDA:886,(anonymous_339)
FNDA:8,(anonymous_340)
FNDA:0,(anonymous_341)
FNDA:0,(anonymous_342)
FNDA:0,(anonymous_343)
FNDA:0,(anonymous_344)
FNDA:0,(anonymous_345)
FNDA:0,(anonymous_346)
FNDA:54,(anonymous_347)
FNDA:261,(anonymous_348)
FNDA:70,(anonymous_349)
FNDA:83,(anonymous_350)
FNDA:39,(anonymous_351)
FNDA:73,(anonymous_352)
FNDA:6,(anonymous_353)
FNDA:23,(anonymous_354)
FNDA:1396,(anonymous_355)
FNDA:391,(anonymous_356)
FNDA:746,(anonymous_357)
FNDA:2678,(anonymous_358)
FNDA:4062,(anonymous_359)
FNDA:331,(anonymous_360)
FNDA:419,(anonymous_361)
FNDA:0,(anonymous_362)
FNDA:0,(anonymous_363)
FNDA:120,(anonymous_364)
FNDA:108,(anonymous_365)
FNDA:2,(anonymous_366)
FNDA:0,(anonymous_367)
FNDA:8,(anonymous_368)
FNDA:72,(anonymous_369)
FNDA:67,(anonymous_370)
FNDA:67,(anonymous_371)
FNDA:0,(anonymous_372)
FNDA:0,(anonymous_373)
FNDA:0,(anonymous_374)
FNDA:0,(anonymous_375)
FNDA:35,(anonymous_376)
FNDA:8,(anonymous_377)
FNDA:108,(anonymous_378)
FNDA:3,(anonymous_379)
FNDA:0,(anonymous_380)
FNDA:0,(anonymous_381)
FNDA:3,(anonymous_382)
FNDA:1982,(anonymous_383)
FNDA:1794,(anonymous_384)
FNDA:3,(anonymous_385)
FNDA:36,(anonymous_386)
FNDA:5,(anonymous_387)
FNDA:896,(anonymous_388)
FNDA:896,(anonymous_389)
FNDA:0,(anonymous_390)
FNDA:121,(anonymous_391)
FNDA:154,(anonymous_392)
FNDA:3,(anonymous_393)
FNDA:2,(anonymous_394)
FNDA:1,(anonymous_395)
FNDA:21,(anonymous_396)
FNDA:585,(anonymous_397)
FNDA:1,(anonymous_398)
FNDA:2113,(anonymous_399)
FNDA:2113,(anonymous_400)
FNDA:0,(anonymous_401)
FNDA:0,(anonymous_402)
FNDA:0,(anonymous_403)
FNDA:2,(anonymous_404)
FNDA:6,(anonymous_405)
FNDA:12,(anonymous_406)
FNDA:10,(anonymous_407)
FNDA:0,(anonymous_408)
FNDA:142,(anonymous_409)
FNDA:185,(anonymous_410)
FNDA:9,(anonymous_411)
FNDA:3,(anonymous_412)
FNDA:6,(anonymous_413)
FNDA:6,(anonymous_414)
FNDA:0,(anonymous_415)
FNDA:585,(anonymous_416)
FNDA:2,(anonymous_417)
FNDA:0,(anonymous_418)
FNDA:0,(anonymous_419)
FNDA:0,(anonymous_420)
FNDA:23,(anonymous_421)
FNDA:28,(anonymous_422)
FNDA:24,(anonymous_423)
FNDA:4,(anonymous_424)
FNDA:28,(anonymous_425)
FNDA:4,(anonymous_426)
FNDA:4,(anonymous_427)
FNDA:14,(anonymous_428)
FNDA:14,(anonymous_429)
FNDA:12,(anonymous_430)
FNDA:15,(anonymous_431)
FNDA:23,(anonymous_432)
FNDA:1,(anonymous_433)
FNDA:0,(anonymous_434)
FNDA:1,(anonymous_435)
FNDA:1,(anonymous_436)
FNDA:2,(anonymous_437)
FNDA:0,(anonymous_438)
FNDA:23,(anonymous_439)
FNDA:14,(anonymous_440)
FNDA:12,(anonymous_441)
FNDA:23,(anonymous_442)
FNDA:7,(anonymous_443)
FNDA:2,(anonymous_444)
FNDA:2,(anonymous_445)
FNDA:6,(anonymous_446)
FNDA:6,(anonymous_447)
FNDA:6,(anonymous_448)
FNDA:29,(anonymous_449)
FNDA:172,(anonymous_450)
FNDA:585,(anonymous_451)
FNDA:585,(anonymous_452)
FNDA:668,(anonymous_453)
FNDA:184,(anonymous_454)
FNDA:27,(anonymous_455)
FNDA:1067,(anonymous_456)
FNDA:13,(anonymous_457)
FNDA:519,(anonymous_458)
FNDA:6,(anonymous_459)
FNDA:33,(anonymous_460)
FNDA:13,(anonymous_461)
FNDA:8,(anonymous_462)
FNDA:6580,(anonymous_463)
FNDA:15178,(anonymous_464)
FNDA:1308,(anonymous_465)
FNDA:7881,(anonymous_466)
FNDA:31,(anonymous_467)
FNDA:1956,(anonymous_468)
DA:1,9
DA:24,9
DA:51,9
DA:52,9
DA:53,9
DA:54,9
DA:55,9
DA:56,9
DA:59,9
DA:60,9
DA:61,9
DA:62,9
DA:63,9
DA:64,9
DA:65,9
DA:66,9
DA:69,9
DA:70,9
DA:71,9
DA:72,9
DA:73,9
DA:74,9
DA:75,9
DA:355,9
DA:356,9
DA:357,9
DA:358,9
DA:359,9
DA:360,9
DA:361,9
DA:364,9
DA:365,9
DA:366,9
DA:367,9
DA:368,9
DA:369,9
DA:370,9
DA:371,9
DA:372,9
DA:376,9
DA:384,9
DA:385,9
DA:545,9
DA:551,9
DA:561,9
DA:562,9
DA:563,9
DA:565,538
DA:566,538
DA:567,538
DA:568,538
DA:569,538
DA:570,538
DA:571,538
DA:572,538
DA:573,538
DA:574,538
DA:577,538
DA:578,2
DA:580,536
DA:581,1071
DA:582,1002
DA:584,69
DA:585,69
DA:586,1
DA:588,68
DA:594,535
DA:597,1070
DA:628,28
DA:629,28
DA:630,1
DA:632,27
DA:633,1
DA:635,26
DA:636,2
DA:638,24
DA:639,24
DA:640,1
DA:642,23
DA:643,1
DA:645,22
DA:646,22
DA:647,26
DA:649,22
DA:650,1
DA:652,21
DA:656,28
DA:660,56
DA:664,28
DA:665,28
DA:666,28
DA:667,3
DA:669,3
DA:670,3
DA:671,2
DA:679,1
DA:680,1
DA:682,1
DA:683,1
DA:685,1
DA:686,1
DA:688,1
DA:689,1
DA:691,1
DA:692,1
DA:695,3
DA:696,1
DA:699,28
DA:700,1
DA:702,28
DA:703,2
DA:705,28
DA:706,2
DA:708,28
DA:709,2
DA:711,28
DA:712,1
DA:714,28
DA:715,1
DA:717,28
DA:718,1
DA:720,28
DA:721,2
DA:723,28
DA:724,28
DA:725,2
DA:727,28
DA:728,3
DA:730,28
DA:731,1
DA:733,28
DA:734,28
DA:736,28
DA:737,56
DA:738,2
DA:740,56
DA:741,1
DA:743,56
DA:744,1
DA:746,56
DA:747,1
DA:749,56
DA:750,1
DA:752,56
DA:753,1
DA:755,56
DA:756,1
DA:758,56
DA:759,1
DA:761,56
DA:762,1
DA:764,56
DA:765,2
DA:772,54
DA:773,1
DA:775,54
DA:776,1
DA:778,54
DA:779,1
DA:782,56
DA:783,56
DA:784,56
DA:785,56
DA:786,2
DA:792,54
DA:793,54
DA:794,54
DA:800,28
DA:801,50
DA:802,2
DA:804,50
DA:805,1
DA:807,50
DA:808,1
DA:811,28
DA:820,1070
DA:823,1070
DA:857,40664
DA:858,40664
DA:865,499
DA:866,1
DA:869,498
DA:870,993
DA:871,993
DA:872,1
DA:875,992
DA:878,992
DA:879,992
DA:880,2
DA:885,990
DA:887,990
DA:891,990
DA:892,985
DA:893,5
DA:894,2
DA:896,3
DA:899,990
DA:900,988
DA:901,988
DA:903,2
DA:904,2
DA:907,990
DA:908,1
DA:913,989
DA:914,989
DA:915,989
DA:916,989
DA:917,989
DA:918,989
DA:921,494
DA:922,494
DA:923,494
DA:927,496
DA:928,496
DA:929,496
DA:930,496
DA:931,496
DA:932,496
DA:933,992
DA:939,496
DA:943,908
DA:944,1
DA:946,907
DA:947,3
DA:949,904
DA:950,903
DA:951,0
DA:953,903
DA:954,903
DA:955,450
DA:960,450
DA:961,900
DA:962,900
DA:967,450
DA:968,0
DA:971,450
DA:972,450
DA:978,0
DA:981,450
DA:982,2
DA:983,2
DA:984,2
DA:987,448
DA:988,448
DA:989,448
DA:991,448
DA:992,448
DA:993,0
DA:995,448
DA:997,448
DA:998,448
DA:1000,448
DA:1001,448
DA:1002,896
DA:1004,448
DA:1005,448
DA:1006,448
DA:1007,448
DA:1009,896
DA:1010,448
DA:1011,448
DA:1012,448
DA:1016,448
DA:1017,448
DA:1018,896
DA:1019,896
DA:1020,895
DA:1021,895
DA:1022,895
DA:1024,895
DA:1026,1
DA:1027,2
DA:1030,448
DA:1034,897
DA:1035,0
DA:1037,897
DA:1041,2
DA:1045,1
DA:1048,1
DA:1049,1
DA:1050,1
DA:1051,1
DA:1053,1
DA:1054,0
DA:1057,1
DA:1058,1
DA:1059,1
DA:1061,1
DA:1062,1
DA:1064,1
DA:1068,896
DA:1072,2
DA:1092,897
DA:1093,1
DA:1096,448
DA:1097,896
DA:1098,896
DA:1100,448
DA:1101,448
DA:1102,448
DA:1103,448
DA:1104,448
DA:1108,448
DA:1109,896
DA:1110,896
DA:1115,448
DA:1116,448
DA:1117,896
DA:1125,887
DA:1126,1
DA:1128,886
DA:1129,886
DA:1130,886
DA:1131,6
DA:1133,1
DA:1135,886
DA:1136,886
DA:1137,4
DA:1138,4
DA:1139,4
DA:1143,886
DA:1144,886
DA:1146,886
DA:1149,886
DA:1151,886
DA:1152,443
DA:1157,443
DA:1158,443
DA:1159,443
DA:1160,443
DA:1168,8
DA:1169,22
DA:1171,8
DA:1172,2
DA:1174,6
DA:1175,2
DA:1177,4
DA:1178,2
DA:1180,4
DA:1181,2
DA:1183,2
DA:1184,2
DA:1185,1
DA:1187,1
DA:1188,1
DA:1194,1
DA:1195,1
DA:1196,1
DA:1197,1
DA:1198,0
DA:1200,6
DA:1201,1
DA:1202,0
DA:1204,1
DA:1205,1
DA:1206,1
DA:1209,1
DA:1210,0
DA:1211,0
DA:1212,0
DA:1215,1
DA:1216,1
DA:1217,1
DA:1218,1
DA:1219,1
DA:1220,1
DA:1226,1
DA:1229,1
DA:1230,1
DA:1231,1
DA:1235,14
DA:1236,41
DA:1238,14
DA:1239,1
DA:1241,13
DA:1242,1
DA:1244,12
DA:1245,11
DA:1247,12
DA:1248,1
DA:1250,11
DA:1251,11
DA:1252,11
DA:1253,3
DA:1254,3
DA:1255,3
DA:1258,3
DA:1260,8
DA:1261,8
DA:1262,8
DA:1265,0
DA:1266,0
DA:1267,0
DA:1269,0
DA:1272,2
DA:1273,2
DA:1277,2
DA:1278,2
DA:1281,1
DA:1282,1
DA:1283,1
DA:1287,1
DA:1289,1
DA:1292,1
DA:1293,1
DA:1297,1
DA:1302,1
DA:1305,3
DA:1306,3
DA:1310,6
DA:1312,3
DA:1314,2
DA:1315,2
DA:1317,2
DA:1318,1
DA:1321,1
DA:1323,1
DA:1325,1
DA:1326,1
DA:1327,1
DA:1329,3
DA:1332,1
DA:1335,10
DA:1336,10
DA:1347,585
DA:1348,585
DA:1349,585
DA:1350,585
DA:1353,585
DA:1354,585
DA:1355,585
DA:1356,585
DA:1357,585
DA:1360,585
DA:1361,585
DA:1362,585
DA:1363,585
DA:1366,585
DA:1367,585
DA:1368,585
DA:1369,585
DA:1370,585
DA:1373,585
DA:1374,585
DA:1376,585
DA:1377,0
DA:1378,0
DA:1379,0
DA:1382,585
DA:1386,585
DA:1387,1170
DA:1392,595
DA:1393,595
DA:1394,595
DA:1395,1206
DA:1396,1
DA:1399,1205
DA:1400,1205
DA:1401,0
DA:1404,1205
DA:1405,1205
DA:1406,1205
DA:1408,595
DA:1409,595
DA:1419,3830
DA:1420,3830
DA:1421,2
DA:1423,3828
DA:1425,3828
DA:1426,35360
DA:1427,3828
DA:1428,11
DA:1430,3817
DA:1431,3817
DA:1439,3817
DA:1440,3817
DA:1441,3817
DA:1450,209
DA:1451,209
DA:1452,2
DA:1455,207
DA:1456,20101
DA:1457,207
DA:1458,1
DA:1461,206
DA:1462,206
DA:1469,206
DA:1470,206
DA:1471,206
DA:1475,1682
DA:1476,538
DA:1478,1487
DA:1479,1144
DA:1483,3828
DA:1484,3828
DA:1485,115
DA:1487,3713
DA:1491,4023
DA:1492,4021
DA:1494,2
DA:1495,2
DA:1499,1
DA:1500,0
DA:1502,1
DA:1503,1
DA:1504,2
DA:1505,1
DA:1507,1
DA:1508,1
DA:1509,1
DA:1512,1
DA:1516,585
DA:1517,585
DA:1518,240
DA:1519,0
DA:1520,0
DA:1523,585
DA:1524,0
DA:1529,2
DA:1530,0
DA:1532,2
DA:1533,2
DA:1534,2
DA:1535,5
DA:1536,2
DA:1538,3
DA:1539,3
DA:1540,3
DA:1541,3
DA:1544,2
DA:1545,2
DA:1547,2
DA:1551,2070
DA:1552,668
DA:1553,668
DA:1554,668
DA:1555,668
DA:1556,1991
DA:1557,1991
DA:1558,1991
DA:1559,1987
DA:1561,4
DA:1564,668
DA:1565,668
DA:1566,668
DA:1567,668
DA:1571,359
DA:1572,359
DA:1573,359
DA:1574,18
DA:1577,359
DA:1578,215
DA:1581,1209
DA:1582,144
DA:1583,144
DA:1584,144
DA:1585,144
DA:1586,144
DA:1587,144
DA:1588,144
DA:1589,18
DA:1590,2
DA:1592,16
DA:1593,16
DA:1594,16
DA:1595,16
DA:1599,144
DA:1603,459
DA:1604,459
DA:1605,2658
DA:1606,63
DA:1608,2595
DA:1609,24
DA:1611,2571
DA:1612,159
DA:1613,159
DA:1616,300
DA:1619,144
DA:1620,16
DA:1621,16
DA:1622,0
DA:1624,16
DA:1625,14
DA:1626,14
DA:1629,2
DA:1630,2
DA:1631,0
DA:1633,2
DA:1634,2
DA:1635,2
DA:1638,0
DA:1641,144
DA:1642,144
DA:1644,163
DA:1645,1225
DA:1646,1225
DA:1648,1203
DA:1649,143
DA:1650,163
DA:1651,4
DA:1653,159
DA:1654,159
DA:1657,140
DA:1658,16
DA:1659,16
DA:1660,16
DA:1661,16
DA:1662,0
DA:1664,0
DA:1668,0
DA:1669,0
DA:1670,0
DA:1674,0
DA:1675,0
DA:1677,0
DA:1678,0
DA:1680,16
DA:1681,16
DA:1685,140
DA:1686,70
DA:1687,79
DA:1689,70
DA:1690,8
DA:1692,70
DA:1695,140
DA:1699,10
DA:1700,0
DA:1702,10
DA:1703,10
DA:1704,10
DA:1705,10
DA:1706,0
DA:1711,98
DA:1713,31
DA:1714,0
DA:1716,31
DA:1718,31
DA:1720,10
DA:1721,10
DA:1723,10
DA:1724,10
DA:1725,10
DA:1727,16
DA:1728,16
DA:1730,16
DA:1731,16
DA:1733,16
DA:1735,31
DA:1736,31
DA:1737,31
DA:1738,31
DA:1740,0
DA:1742,98
DA:1746,32
DA:1750,1171
DA:1754,62
DA:1755,16
DA:1756,0
DA:1758,16
DA:1759,16
DA:1761,16
DA:1763,46
DA:1764,15
DA:1766,31
DA:1773,585
DA:1774,585
DA:1775,585
DA:1776,585
DA:1780,1801
DA:1781,11
DA:1783,1790
DA:1784,1790
DA:1786,0
DA:1787,0
DA:1789,0
DA:1790,0
DA:1794,2925
DA:1795,2925
DA:1796,2925
DA:1802,2925
DA:1803,2925
DA:1811,31
DA:1812,31
DA:1813,16
DA:1814,16
DA:1815,16
DA:1816,36
DA:1817,36
DA:1818,0
DA:1819,0
DA:1821,36
DA:1822,36
DA:1823,36
DA:1824,36
DA:1825,0
DA:1827,36
DA:1828,16
DA:1829,16
DA:1832,0
DA:1833,0
DA:1835,15
DA:1836,15
DA:1837,15
DA:1841,31
DA:1842,31
DA:1843,31
DA:1844,31
DA:1845,31
DA:1846,31
DA:1848,31
DA:1849,16
DA:1857,31
DA:1858,31
DA:1859,4
DA:1861,31
DA:1862,31
DA:1863,31
DA:1871,10
DA:1872,10
DA:1873,10
DA:1874,0
DA:1876,10
DA:1877,0
DA:1879,10
DA:1889,5
DA:1890,5
DA:1892,5
DA:1894,3
DA:1895,1
DA:1899,2
DA:1900,1
DA:1915,187
DA:1916,187
DA:1917,187
DA:1918,1
DA:1922,186
DA:1923,186
DA:1925,5
DA:1926,2
DA:1930,3
DA:1931,3
DA:1933,3
DA:1935,1
DA:1936,1
DA:1937,2
DA:1938,0
DA:1940,2
DA:1944,181
DA:1945,181
DA:1946,1
DA:1949,180
DA:1954,1
DA:1957,179
DA:1960,179
DA:1962,6
DA:1963,6
DA:1964,1
DA:1966,5
DA:1967,3
DA:1970,176
DA:1972,176
DA:1973,176
DA:1974,0
DA:1975,0
DA:1976,0
DA:1984,176
DA:1985,176
DA:1986,3
DA:1987,3
DA:1988,3
DA:1996,176
DA:1997,3
DA:2001,173
DA:2004,173
DA:2005,173
DA:2008,173
DA:2009,173
DA:2013,66
DA:2018,66
DA:2021,106
DA:2022,106
DA:2024,1
DA:2027,172
DA:2028,172
DA:2029,0
DA:2030,0
DA:2036,172
DA:2043,174
DA:2046,174
DA:2047,107
DA:2048,107
DA:2051,67
DA:2052,0
DA:2055,67
DA:2056,0
DA:2057,0
DA:2058,0
DA:2061,0
DA:2062,0
DA:2063,0
DA:2064,0
DA:2065,0
DA:2074,107
DA:2075,107
DA:2077,107
DA:2078,0
DA:2080,107
DA:2083,0
DA:2086,0
DA:2087,0
DA:2091,0
DA:2092,0
DA:2095,0
DA:2096,0
DA:2100,0
DA:2101,0
DA:2103,0
DA:2104,0
DA:2105,0
DA:2110,0
DA:2111,0
DA:2112,0
DA:2113,0
DA:2114,0
DA:2115,0
DA:2129,0
DA:2130,0
DA:2133,0
DA:2134,0
DA:2135,0
DA:2136,0
DA:2141,0
DA:2142,0
DA:2143,0
DA:2147,0
DA:2154,0
DA:2156,0
DA:2158,0
DA:2162,0
DA:2168,0
DA:2172,0
DA:2173,0
DA:2177,0
DA:2178,0
DA:2183,0
DA:2187,0
DA:2188,0
DA:2189,0
DA:2193,0
DA:2194,0
DA:2195,0
DA:2199,0
DA:2200,0
DA:2206,0
DA:2207,0
DA:2211,0
DA:2219,6
DA:2220,3
DA:2223,3
DA:2224,3
DA:2225,3
DA:2228,0
DA:2232,178
DA:2233,178
DA:2234,178
DA:2241,179
DA:2242,170
DA:2244,9
DA:2246,10
DA:2247,10
DA:2248,8
DA:2250,10
DA:2255,0
DA:2256,0
DA:2258,0
DA:2259,0
DA:2260,0
DA:2261,0
DA:2263,0
DA:2264,0
DA:2265,0
DA:2267,0
DA:2268,0
DA:2283,176
DA:2284,176
DA:2287,176
DA:2294,176
DA:2295,22
DA:2298,22
DA:2300,2
DA:2301,2
DA:2302,2
DA:2305,2
DA:2306,2
DA:2307,1
DA:2308,1
DA:2309,1
DA:2312,0
DA:2313,0
DA:2314,0
DA:2319,2
DA:2320,2
DA:2321,1
DA:2323,1
DA:2324,1
DA:2325,1
DA:2331,22
DA:2332,0
DA:2333,0
DA:2336,0
DA:2337,0
DA:2338,0
DA:2339,0
DA:2340,0
DA:2341,0
DA:2342,0
DA:2349,176
DA:2350,176
DA:2355,176
DA:2356,12
DA:2358,12
DA:2359,1
DA:2362,1
DA:2363,1
DA:2364,1
DA:2365,1
DA:2366,1
DA:2371,12
DA:2372,0
DA:2374,0
DA:2375,0
DA:2376,0
DA:2377,0
DA:2378,0
DA:2379,0
DA:2385,12
DA:2387,1
DA:2388,1
DA:2390,1
DA:2391,1
DA:2392,1
DA:2393,1
DA:2398,176
DA:2405,179
DA:2409,175
DA:2410,175
DA:2411,0
DA:2423,31
DA:2424,31
DA:2428,20
DA:2429,0
DA:2431,20
DA:2438,17
DA:2439,1
DA:2442,16
DA:2443,16
DA:2444,1
DA:2447,15
DA:2448,1
DA:2451,14
DA:2452,14
DA:2453,1
DA:2456,13
DA:2457,1
DA:2461,12
DA:2463,12
DA:2464,3
DA:2469,1
DA:2471,2
DA:2472,2
DA:2473,2
DA:2476,9
DA:2477,9
DA:2478,1
DA:2481,8
DA:2482,1
DA:2485,7
DA:2490,1
DA:2494,6
DA:2495,6
DA:2496,0
DA:2499,6
DA:2502,6
DA:2506,6
DA:2507,6
DA:2508,6
DA:2509,2
DA:2511,4
DA:2512,1
DA:2514,3
DA:2515,3
DA:2516,0
DA:2518,3
DA:2519,1
DA:2521,2
DA:2525,1
DA:2527,1
DA:2528,0
DA:2531,1
DA:2532,1
DA:2533,1
DA:2536,0
DA:2538,0
DA:2540,0
DA:2541,0
DA:2547,0
DA:2559,6
DA:2560,6
DA:2561,6
DA:2562,1
DA:2566,5
DA:2567,1
DA:2571,4
DA:2572,4
DA:2573,1
DA:2576,3
DA:2577,1
DA:2581,2
DA:2582,2
DA:2583,2
DA:2584,1
DA:2588,1
DA:2589,1
DA:2590,0
DA:2594,1
DA:2597,1
DA:2600,1
DA:2609,1
DA:2611,1
DA:2613,1
DA:2619,1
DA:2631,1
DA:2634,1
DA:2635,1
DA:2637,0
DA:2638,0
DA:2643,1
DA:2644,1
DA:2645,0
DA:2652,1
DA:2653,2
DA:2654,0
DA:2656,2
DA:2657,0
DA:2658,0
DA:2659,0
DA:2663,1
DA:2664,1
DA:2668,0
DA:2669,0
DA:2674,0
DA:2675,0
DA:2678,0
DA:2679,0
DA:2682,0
DA:2688,0
DA:2691,0
DA:2695,0
DA:2701,0
DA:2702,0
DA:2711,1
DA:2714,1
DA:2715,1
DA:2716,0
DA:2717,0
DA:2721,1
DA:2728,2
DA:2731,2
DA:2732,2
DA:2733,0
DA:2737,2
DA:2742,2
DA:2743,0
DA:2744,0
DA:2747,0
DA:2751,2
DA:2764,0
DA:2766,0
DA:2768,0
DA:2777,0
DA:2789,2
DA:2790,0
DA:2794,2
DA:2795,1
DA:2798,2
DA:2799,1
DA:2803,1
DA:2804,1
DA:2807,1
DA:2808,1
DA:2810,1
DA:2811,0
DA:2814,1
DA:2815,1
DA:2817,1
DA:2826,26
DA:2827,26
DA:2828,26
DA:2829,26
DA:2830,2
DA:2832,24
DA:2837,24
DA:2838,24
DA:2854,8
DA:2855,8
DA:2856,1
DA:2857,0
DA:2859,7
DA:2860,7
DA:2861,1
DA:2863,6
DA:2864,6
DA:2865,2
DA:2867,4
DA:2868,4
DA:2869,0
DA:2871,4
DA:2872,0
DA:2874,4
DA:2875,4
DA:2876,2
DA:2878,2
DA:2883,2
DA:2884,2
DA:2892,35
DA:2893,35
DA:2894,2
DA:2896,33
DA:2897,2
DA:2899,31
DA:2900,31
DA:2901,29
DA:2902,29
DA:2904,2
DA:2909,2
DA:2917,66
DA:2918,63
DA:2920,3
DA:2921,3
DA:2922,0
DA:2926,3
DA:2927,0
DA:2934,3
DA:2935,3
DA:2936,3
DA:2937,3
DA:2940,3
DA:2941,2
DA:2948,1
DA:2949,1
DA:2956,0
DA:2963,2
DA:2964,1
DA:2966,1
DA:2973,11
DA:2974,11
DA:2975,3
DA:2978,8
DA:2979,8
DA:2980,16
DA:2982,8
DA:2984,2
DA:2988,8
DA:2989,0
DA:2992,8
DA:2993,2
DA:2996,6
DA:2997,5
DA:3001,5
DA:3002,5
DA:3003,5
DA:3006,1
DA:3007,1
DA:3008,1
DA:3017,17
DA:3018,0
DA:3021,17
DA:3022,17
DA:3024,17
DA:3025,17
DA:3026,17
DA:3027,0
DA:3029,17
DA:3036,17
DA:3037,17
DA:3038,17
DA:3039,17
DA:3040,17
DA:3047,17
DA:3048,0
DA:3049,0
DA:3054,17
DA:3055,0
DA:3057,17
DA:3058,17
DA:3059,0
DA:3061,17
DA:3062,26
DA:3064,17
DA:3065,8
DA:3067,9
DA:3068,9
DA:3069,0
DA:3071,9
DA:3076,17
DA:3078,12
DA:3080,1
DA:3082,4
DA:3084,0
DA:3086,0
DA:3088,0
DA:3090,0
DA:3092,0
DA:3104,2495
DA:3105,4581
DA:3106,3
DA:3107,3
DA:3110,4578
DA:3111,4578
DA:3112,4578
DA:3122,6
DA:3123,6
DA:3124,6
DA:3125,9
DA:3126,0
DA:3128,9
DA:3129,9
DA:3130,0
DA:3132,9
DA:3133,9
DA:3135,6
DA:3136,6
DA:3137,6
DA:3138,6
DA:3147,3
DA:3148,3
DA:3149,0
DA:3151,3
DA:3158,3
DA:3169,112
DA:3170,29
DA:3171,29
DA:3172,24
DA:3173,24
DA:3174,24
DA:3176,5
DA:3177,5
DA:3178,4
DA:3180,2
DA:3181,1
DA:3182,0
DA:3184,1
DA:3196,112
DA:3197,112
DA:3203,112
DA:3205,112
DA:3207,111
DA:3218,1
DA:3220,1
DA:3221,1
DA:3222,1
DA:3226,112
DA:3229,112
DA:3232,112
DA:3233,112
DA:3236,112
DA:3239,112
DA:3240,112
DA:3251,112
DA:3252,112
DA:3253,0
DA:3254,0
DA:3257,112
DA:3258,112
DA:3274,112
DA:3275,112
DA:3277,112
DA:3278,112
DA:3281,112
DA:3282,225
DA:3285,112
DA:3299,113
DA:3314,107
DA:3316,107
DA:3336,3
DA:3338,3
DA:3360,2
DA:3362,2
DA:3378,110
DA:3379,110
DA:3380,2
DA:3382,108
DA:3383,1
DA:3386,107
DA:3389,107
DA:3390,321
DA:3392,107
DA:3393,106
DA:3394,106
DA:3395,106
DA:3398,107
DA:3399,107
DA:3406,107
DA:3407,107
DA:3418,107
DA:3420,107
DA:3424,0
DA:3435,1
DA:3442,107
DA:3443,107
DA:3444,0
DA:3445,0
DA:3446,0
DA:3449,107
DA:3455,107
DA:3457,107
DA:3458,108
DA:3459,108
DA:3460,108
DA:3462,108
DA:3466,108
DA:3472,108
DA:3473,107
DA:3475,106
DA:3478,1
DA:3483,106
DA:3484,106
DA:3492,1
DA:3493,1
DA:3494,0
DA:3495,0
DA:3496,0
DA:3500,1
DA:3501,1
DA:3503,0
DA:3507,1
DA:3508,1
DA:3509,1
DA:3510,0
DA:3512,1
DA:3514,1
DA:3535,1
DA:3536,1
DA:3537,0
DA:3541,1
DA:3544,1
DA:3545,1
DA:3548,1
DA:3549,1
DA:3550,1
DA:3551,3
DA:3553,1
DA:3554,1
DA:3555,1
DA:3556,1
DA:3560,1
DA:3561,1
DA:3568,1
DA:3570,1
DA:3577,14
DA:3585,3
DA:3586,3
DA:3598,107
DA:3599,107
DA:3600,0
DA:3601,0
DA:3603,0
DA:3604,0
DA:3609,107
DA:3610,4
DA:3612,103
DA:3613,103
DA:3614,103
DA:3615,103
DA:3616,103
DA:3618,103
DA:3619,98
DA:3628,5
DA:3629,5
DA:3630,0
DA:3631,0
DA:3634,0
DA:3635,0
DA:3646,0
DA:3647,0
DA:3650,0
DA:3651,0
DA:3652,0
DA:3653,0
DA:3658,5
DA:3660,5
DA:3661,1
DA:3662,1
DA:3663,1
DA:3666,5
DA:3667,1
DA:3670,5
DA:3671,0
DA:3672,0
DA:3687,102
DA:3696,116
DA:3697,27
DA:3698,20
DA:3699,20
DA:3700,20
DA:3702,7
DA:3704,116
DA:3705,119
DA:3706,119
DA:3708,32
DA:3709,32
DA:3710,32
DA:3711,32
DA:3712,32
DA:3715,6
DA:3717,6
DA:3720,6
DA:3721,6
DA:3722,6
DA:3726,7
DA:3727,7
DA:3732,0
DA:3735,0
DA:3738,7
DA:3739,7
DA:3740,6
DA:3741,6
DA:3742,6
DA:3743,6
DA:3749,7
DA:3752,3
DA:3753,3
DA:3754,0
DA:3756,3
DA:3757,3
DA:3758,3
DA:3759,3
DA:3769,3
DA:3772,6
DA:3773,6
DA:3774,6
DA:3775,1
DA:3776,0
DA:3777,0
DA:3779,5
DA:3780,5
DA:3781,5
DA:3783,5
DA:3786,3
DA:3787,2
DA:3789,3
DA:3790,1
DA:3792,2
DA:3793,2
DA:3794,2
DA:3796,2
DA:3799,2
DA:3800,2
DA:3801,0
DA:3803,2
DA:3804,2
DA:3810,2
DA:3814,9
DA:3815,9
DA:3816,2
DA:3817,2
DA:3819,7
DA:3820,3
DA:3821,3
DA:3823,4
DA:3824,4
DA:3827,3
DA:3828,3
DA:3829,3
DA:3831,3
DA:3834,3
DA:3835,3
DA:3836,3
DA:3837,3
DA:3851,3
DA:3853,0
DA:3855,0
DA:3862,0
DA:3863,0
DA:3869,0
DA:3872,6
DA:3873,0
DA:3875,6
DA:3876,6
DA:3877,1
DA:3878,1
DA:3879,0
DA:3884,0
DA:3886,2
DA:3887,1
DA:3889,5
DA:3890,4
DA:3892,5
DA:3893,1
DA:3902,1
DA:3904,0
DA:3907,4
DA:3908,4
DA:3909,4
DA:3912,6
DA:3913,6
DA:3914,6
DA:3915,5
DA:3916,5
DA:3917,5
DA:3922,1
DA:3923,1
DA:3924,1
DA:3925,1
DA:3930,6
DA:3933,4
DA:3934,4
DA:3935,1
DA:3937,3
DA:3946,3
DA:3949,3
DA:3950,3
DA:3952,3
DA:3955,3
DA:3956,3
DA:3961,3
DA:3964,1
DA:3966,1
DA:3971,1
DA:3972,0
DA:3975,1
DA:3979,1
DA:3983,1
DA:3984,1
DA:3985,1
DA:3986,0
DA:3990,0
DA:3992,1
DA:3993,1
DA:3996,1
DA:3999,4
DA:4000,4
DA:4001,4
DA:4002,4
DA:4003,4
DA:4004,1
DA:4006,3
DA:4007,3
DA:4009,4
DA:4010,4
DA:4013,2
DA:4014,2
DA:4015,5
DA:4016,2
DA:4017,2
DA:4024,2
DA:4025,2
DA:4029,1
DA:4031,1
DA:4034,1
DA:4035,1
DA:4036,1
DA:4040,0
DA:4041,0
DA:4048,0
DA:4049,0
DA:4052,1
DA:4059,1
DA:4060,1
DA:4063,1
DA:4068,1
DA:4069,1
DA:4072,2
DA:4073,2
DA:4078,2
DA:4084,3
DA:4085,3
DA:4087,2
DA:4088,2
DA:4090,2
DA:4093,1
DA:4094,1
DA:4097,1
DA:4098,1
DA:4099,0
DA:4101,1
DA:4102,1
DA:4106,1
DA:4108,1
DA:4109,1
DA:4113,1
DA:4117,2
DA:4118,2
DA:4120,2
DA:4121,0
DA:4123,2
DA:4124,2
DA:4125,2
DA:4126,2
DA:4132,2
DA:4136,5
DA:4137,1
DA:4139,5
DA:4140,1
DA:4141,1
DA:4142,1
DA:4143,1
DA:4149,1
DA:4152,4
DA:4153,4
DA:4154,4
DA:4155,4
DA:4156,12
DA:4157,3
DA:4158,3
DA:4161,4
DA:4162,2
DA:4163,2
DA:4169,4
DA:4172,3
DA:4173,2
DA:4177,2
DA:4178,0
DA:4180,2
DA:4181,2
DA:4185,2
DA:4187,1
DA:4188,1
DA:4191,4
DA:4192,4
DA:4199,107
DA:4200,107
DA:4201,0
DA:4203,107
DA:4204,2
DA:4206,105
DA:4207,2
DA:4209,103
DA:4210,0
DA:4212,103
DA:4213,0
DA:4215,103
DA:4216,0
DA:4218,103
DA:4222,107
DA:4223,107
DA:4224,107
DA:4225,105
DA:4227,2
DA:4228,2
DA:4229,2
DA:4230,2
DA:4231,2
DA:4232,2
DA:4233,2
DA:4234,2
DA:4235,1
DA:4236,1
DA:4242,1
DA:4248,2
DA:4257,105
DA:4258,3
DA:4260,102
DA:4261,94
DA:4263,8
DA:4264,6
DA:4266,2
DA:4267,2
DA:4268,1
DA:4270,2
DA:4271,1
DA:4276,1
DA:4278,1
DA:4279,1
DA:4280,1
DA:4281,0
DA:4287,1
DA:4289,0
DA:4302,0
DA:4311,103
DA:4312,103
DA:4314,0
DA:4315,0
DA:4317,0
DA:4318,0
DA:4319,0
DA:4320,0
DA:4322,0
DA:4323,0
DA:4328,0
DA:4330,0
DA:4331,0
DA:4336,0
DA:4337,0
DA:4343,0
DA:4345,0
DA:4359,0
DA:4369,3
DA:4370,3
DA:4371,0
DA:4373,3
DA:4374,3
DA:4375,3
DA:4377,3
DA:4381,0
DA:4383,3
DA:4384,0
DA:4386,3
DA:4387,3
DA:4388,3
DA:4390,3
DA:4391,3
DA:4393,3
DA:4394,0
DA:4396,3
DA:4397,3
DA:4398,3
DA:4402,3
DA:4405,3
DA:4410,3
DA:4418,1
DA:4419,1
DA:4420,0
DA:4422,1
DA:4423,1
DA:4424,0
DA:4426,1
DA:4427,1
DA:4428,0
DA:4430,1
DA:4434,1
DA:4435,0
DA:4442,0
DA:4444,1
DA:4445,1
DA:4446,1
DA:4447,1
DA:4454,1
DA:4463,103
DA:4464,103
DA:4465,103
DA:4466,103
DA:4468,0
DA:4469,0
DA:4470,0
DA:4471,0
DA:4472,0
DA:4474,0
DA:4487,0
DA:4496,1
DA:4497,1
DA:4498,1
DA:4499,0
DA:4501,1
DA:4502,1
DA:4503,0
DA:4505,1
DA:4506,1
DA:4507,1
DA:4509,1
DA:4510,1
DA:4518,0
DA:4547,103
DA:4548,103
DA:4551,0
DA:4552,0
DA:4553,0
DA:4558,0
DA:4559,0
DA:4562,0
DA:4563,0
DA:4568,0
DA:4572,0
DA:4573,0
DA:4589,0
DA:4592,0
DA:4606,1
DA:4608,1
DA:4610,0
DA:4611,0
DA:4615,1
DA:4624,1
DA:4648,2
DA:4649,4
DA:4652,2
DA:4653,2
DA:4654,2
DA:4655,2
DA:4656,2
DA:4661,2
DA:4662,1
DA:4663,1
DA:4664,1
DA:4665,1
DA:4669,2
DA:4670,2
DA:4676,0
DA:4689,9
DA:4690,0
DA:4693,9
DA:4695,9
DA:4696,5
DA:4701,16
DA:4702,16
DA:4703,16
DA:4704,0
DA:4706,16
DA:4707,16
DA:4708,16
DA:4709,8
DA:4711,16
DA:4712,16
DA:4713,16
DA:4715,16
DA:4716,16
DA:4717,16
DA:4718,8
DA:4727,16
DA:4728,16
DA:4729,16
DA:4730,16
DA:4731,16
DA:4732,8
DA:4733,8
DA:4734,8
DA:4736,16
DA:4737,16
DA:4740,16
DA:4748,2
DA:4749,0
DA:4751,2
DA:4752,2
DA:4753,0
DA:4755,2
DA:4756,2
DA:4760,0
DA:4764,0
DA:4765,0
DA:4766,0
DA:4768,0
DA:4769,0
DA:4771,0
DA:4772,0
DA:4774,0
DA:4775,0
DA:4777,0
DA:4784,0
DA:4785,0
DA:4787,0
DA:4788,0
DA:4790,0
DA:4791,0
DA:4792,0
DA:4794,0
DA:4802,0
DA:4803,0
DA:4805,0
DA:4806,0
DA:4807,0
DA:4808,0
DA:4813,0
DA:4816,0
DA:4817,0
DA:4819,0
DA:4820,0
DA:4821,0
DA:4822,0
DA:4824,0
DA:4830,0
DA:4834,0
DA:4835,0
DA:4837,0
DA:4838,0
DA:4839,0
DA:4840,0
DA:4841,0
DA:4842,0
DA:4844,0
DA:4845,0
DA:4846,0
DA:4847,0
DA:4848,0
DA:4849,0
DA:4850,0
DA:4851,0
DA:4852,0
DA:4853,0
DA:4854,0
DA:4855,0
DA:4857,0
DA:4858,0
DA:4860,0
DA:4861,0
DA:4863,0
DA:4864,0
DA:4865,0
DA:4867,0
DA:4868,0
DA:4869,0
DA:4870,0
DA:4871,0
DA:4873,0
DA:4876,0
DA:4877,0
DA:4880,0
DA:4881,0
DA:4882,0
DA:4884,0
DA:4900,0
DA:4904,4
DA:4905,4
DA:4906,0
DA:4907,0
DA:4908,0
DA:4910,0
DA:4911,0
DA:4913,0
DA:4914,0
DA:4916,0
DA:4917,0
DA:4919,0
DA:4920,0
DA:4922,0
DA:4923,0
DA:4925,0
DA:4926,0
DA:4928,0
DA:4929,0
DA:4931,0
DA:4932,0
DA:4934,0
DA:4937,4
DA:4944,0
DA:4945,0
DA:4946,0
DA:4947,0
DA:4948,0
DA:4949,0
DA:4951,0
DA:4952,0
DA:4954,0
DA:4966,2134
DA:4967,2118
DA:4969,16
DA:4970,16
DA:4971,16
DA:4972,16
DA:4975,16
DA:4976,16
DA:4979,16
DA:4980,0
DA:4982,16
DA:4983,16
DA:4984,0
DA:4986,16
DA:4999,2134
DA:5000,2134
DA:5002,0
DA:5003,0
DA:5004,0
DA:5005,0
DA:5007,0
DA:5008,0
DA:5010,0
DA:5011,0
DA:5012,0
DA:5013,0
DA:5016,0
DA:5017,0
DA:5018,0
DA:5020,0
DA:5021,0
DA:5023,0
DA:5024,0
DA:5034,1067
DA:5035,2134
DA:5036,2134
DA:5041,9
DA:5042,7
DA:5043,7
DA:5044,7
DA:5047,2
DA:5051,2
DA:5052,2
DA:5053,0
DA:5056,2
DA:5060,22
DA:5061,0
DA:5063,22
DA:5064,1
DA:5066,22
DA:5067,1
DA:5069,21
DA:5070,21
DA:5080,5
DA:5081,0
DA:5082,0
DA:5084,0
DA:5086,5
DA:5088,1
DA:5092,1
DA:5093,1
DA:5096,4
DA:5100,5
DA:5125,4
DA:5126,0
DA:5127,0
DA:5129,4
DA:5130,4
DA:5131,5
DA:5132,5
DA:5133,5
DA:5134,5
DA:5135,5
DA:5136,5
DA:5137,5
DA:5138,5
DA:5139,5
DA:5140,5
DA:5141,1
DA:5142,1
DA:5143,1
DA:5147,4
DA:5148,4
DA:5149,4
DA:5157,6
DA:5158,6
DA:5159,6
DA:5161,0
DA:5162,0
DA:5174,0
DA:5175,0
DA:5177,0
DA:5178,0
DA:5182,6
DA:5183,6
DA:5184,6
DA:5185,6
DA:5186,6
DA:5187,6
DA:5189,6
DA:5191,6
DA:5193,6
DA:5195,6
DA:5198,6
DA:5199,6
DA:5200,6
DA:5203,6
DA:5204,0
DA:5206,6
DA:5225,6
DA:5226,6
DA:5227,6
DA:5228,0
DA:5230,6
DA:5231,0
DA:5233,6
DA:5234,0
DA:5236,6
DA:5237,6
DA:5238,0
DA:5240,6
DA:5241,0
DA:5243,6
DA:5244,0
DA:5246,6
DA:5247,0
DA:5248,0
DA:5249,0
DA:5252,6
DA:5256,1
DA:5257,1
DA:5258,2
DA:5263,2
DA:5264,2
DA:5265,2
DA:5269,1
DA:5273,6
DA:5274,6
DA:5275,6
DA:5276,0
DA:5278,6
DA:5279,6
DA:5280,6
DA:5281,6
DA:5282,2
DA:5287,2
DA:5289,4
DA:5290,4
DA:5291,4
DA:5292,4
DA:5293,4
DA:5294,4
DA:5302,6
DA:5303,6
DA:5304,6
DA:5305,6
DA:5306,6
DA:5307,6
DA:5313,6
DA:5314,1
DA:5319,3
DA:5320,0
DA:5322,3
DA:5323,3
DA:5327,69
DA:5328,69
DA:5329,69
DA:5330,14
DA:5332,55
DA:5333,0
DA:5335,55
DA:5336,0
DA:5338,55
DA:5342,69
DA:5343,69
DA:5351,9
DA:5352,0
DA:5354,9
DA:5355,9
DA:5356,9
DA:5357,9
DA:5359,9
DA:5360,9
DA:5368,32
DA:5369,0
DA:5371,32
DA:5372,32
DA:5373,32
DA:5374,32
DA:5387,62
DA:5388,0
DA:5390,62
DA:5391,62
DA:5394,7
DA:5400,0
DA:5402,55
DA:5407,12
DA:5414,0
DA:5415,0
DA:5416,0
DA:5418,0
DA:5419,0
DA:5420,0
DA:5422,0
DA:5423,0
DA:5425,0
DA:5426,0
DA:5428,0
DA:5429,0
DA:5431,0
DA:5432,0
DA:5434,0
DA:5435,0
DA:5437,0
DA:5438,0
DA:5440,0
DA:5441,0
DA:5443,0
DA:5444,0
DA:5446,0
DA:5447,0
DA:5449,0
DA:5450,0
DA:5452,0
DA:5453,0
DA:5455,0
DA:5456,0
DA:5458,0
DA:5459,0
DA:5461,0
DA:5462,0
DA:5464,0
DA:5465,0
DA:5467,0
DA:5468,0
DA:5470,0
DA:5471,0
DA:5473,0
DA:5474,0
DA:5476,0
DA:5477,0
DA:5479,0
DA:5480,0
DA:5482,0
DA:5489,0
DA:5490,0
DA:5491,0
DA:5492,0
DA:5493,0
DA:5501,0
DA:5502,0
DA:5505,0
DA:5506,0
DA:5507,0
DA:5508,0
DA:5510,0
DA:5511,0
DA:5517,0
DA:5522,0
DA:5523,0
DA:5524,0
DA:5526,0
DA:5527,0
DA:5529,0
DA:5530,0
DA:5532,0
DA:5533,0
DA:5535,0
DA:5536,0
DA:5538,0
DA:5542,0
DA:5543,0
DA:5552,0
DA:5553,0
DA:5554,0
DA:5556,0
DA:5557,0
DA:5559,0
DA:5560,0
DA:5562,0
DA:5563,0
DA:5565,0
DA:5566,0
DA:5568,0
DA:5569,0
DA:5571,0
DA:5572,0
DA:5574,0
DA:5575,0
DA:5577,0
DA:5584,0
DA:5585,0
DA:5586,0
DA:5587,0
DA:5590,0
DA:5593,0
DA:5594,0
DA:5605,0
DA:5606,0
DA:5608,0
DA:5609,0
DA:5610,0
DA:5611,0
DA:5624,0
DA:5625,0
DA:5627,0
DA:5645,204
DA:5648,204
DA:5649,204
DA:5650,1
DA:5651,1
DA:5654,204
DA:5655,183
DA:5656,59
DA:5658,183
DA:5662,21
DA:5664,21
DA:5665,21
DA:5666,22
DA:5667,23
DA:5668,10
DA:5670,13
DA:5671,13
DA:5672,11
DA:5673,11
DA:5675,11
DA:5679,11
DA:5687,11
DA:5688,11
DA:5689,11
DA:5691,11
DA:5693,2
DA:5694,2
DA:5695,2
DA:5700,21
DA:5701,2
DA:5713,1
DA:5714,1
DA:5717,1
DA:5718,1
DA:5721,2
DA:5723,1
DA:5724,1
DA:5725,1
DA:5727,1
DA:5728,1
DA:5737,1
DA:5748,21
DA:5751,21
DA:5757,21
DA:5758,22
DA:5759,22
DA:5761,1
DA:5764,1
DA:5766,1
DA:5768,1
DA:5773,1
DA:5774,0
DA:5778,21
DA:5785,23
DA:5786,1
DA:5788,22
DA:5789,10
DA:5791,12
DA:5793,2
DA:5795,2
DA:5799,8
DA:5811,0
DA:5812,0
DA:5814,0
DA:5815,0
DA:5822,0
DA:5823,0
DA:5828,0
DA:5835,0
DA:5852,4
DA:5861,4
DA:5862,4
DA:5867,4
DA:5872,4
DA:5886,0
DA:5895,0
DA:5919,0
DA:5920,0
DA:5922,0
DA:5926,0
DA:5927,0
DA:5928,0
DA:5933,0
DA:5937,0
DA:5948,0
DA:5962,0
DA:5969,0
DA:5976,0
DA:5978,0
DA:5980,0
DA:5986,0
DA:5988,0
DA:5996,0
DA:5997,0
DA:5999,0
DA:6002,0
DA:6005,0
DA:6008,0
DA:6011,0
DA:6014,0
DA:6018,0
DA:6022,0
DA:6026,0
DA:6027,0
DA:6028,0
DA:6032,0
DA:6035,0
DA:6043,0
DA:6047,4
DA:6060,4
DA:6061,4
DA:6062,1
DA:6064,4
DA:6065,3
DA:6066,3
DA:6067,3
DA:6070,4
DA:6071,1
DA:6072,1
DA:6073,0
DA:6074,0
DA:6077,4
DA:6078,1
DA:6080,4
DA:6081,0
DA:6083,4
DA:6084,0
DA:6086,4
DA:6090,72
DA:6091,84
DA:6092,84
DA:6101,42
DA:6102,33
DA:6104,42
DA:6105,17
DA:6107,25
DA:6119,2
DA:6121,2
DA:6123,2
DA:6124,1
DA:6127,2
DA:6128,0
DA:6129,0
DA:6131,0
DA:6132,0
DA:6133,0
DA:6146,6
DA:6147,6
DA:6148,6
DA:6155,585
DA:6156,1
DA:6157,1
DA:6158,1
DA:6159,1
DA:6162,1
DA:6170,16
DA:6176,16
DA:6177,1
DA:6178,0
DA:6182,16
DA:6186,16
DA:6187,16
DA:6188,13
DA:6190,3
DA:6191,3
DA:6192,0
DA:6195,3
DA:6198,3
DA:6199,1
DA:6201,2
DA:6202,2
DA:6203,2
DA:6204,0
DA:6206,2
DA:6207,2
DA:6219,1977
DA:6220,0
DA:6222,1977
DA:6223,1977
DA:6224,40601
DA:6225,40601
DA:6226,40601
DA:6227,40601
DA:6228,40601
DA:6230,40601
DA:6233,1977
DA:6237,11837
DA:6238,0
DA:6240,11837
DA:6241,11837
DA:6242,11837
DA:6243,0
DA:6245,11837
DA:6249,2
DA:6250,0
DA:6252,2
DA:6253,2
DA:6254,0
DA:6256,2
DA:6257,2
DA:6261,1
DA:6263,1
DA:6265,0
DA:6267,0
DA:6269,0
DA:6271,0
DA:6273,0
DA:6275,0
DA:6277,0
DA:6279,0
DA:6281,0
DA:6283,0
DA:6285,0
DA:6290,987
DA:6291,0
DA:6293,987
DA:6294,987
DA:6295,11837
DA:6296,11837
DA:6297,11837
DA:6299,0
DA:6300,0
DA:6302,987
DA:6306,11837
DA:6307,0
DA:6314,11837
DA:6315,11837
DA:6316,11837
DA:6317,11837
DA:6318,11837
DA:6319,11837
DA:6320,11837
DA:6321,11837
DA:6323,11837
DA:6326,11837
DA:6327,0
DA:6328,0
DA:6330,0
DA:6333,11837
DA:6334,0
DA:6335,0
DA:6347,11837
DA:6354,11837
DA:6364,0
DA:6365,0
DA:6368,0
DA:6370,0
DA:6372,0
DA:6385,1976
DA:6386,1976
DA:6388,0
DA:6389,0
DA:6390,0
DA:6391,0
DA:6393,0
DA:6394,0
DA:6395,0
DA:6397,0
DA:6402,40601
DA:6403,0
DA:6406,40601
DA:6407,40601
DA:6413,40601
DA:6414,121803
DA:6415,121803
DA:6416,0
DA:6421,40601
DA:6422,40601
DA:6423,40601
DA:6426,0
DA:6427,0
DA:6428,0
DA:6435,0
DA:6436,0
DA:6438,0
DA:6439,0
DA:6440,0
DA:6441,0
DA:6442,0
DA:6443,0
DA:6449,0
DA:6450,0
DA:6451,0
DA:6460,0
DA:6464,0
DA:6468,40601
DA:6472,0
DA:6476,133655
DA:6477,133655
DA:6478,133655
DA:6479,0
DA:6483,133655
DA:6484,133655
DA:6485,133655
DA:6488,0
DA:6489,0
DA:6490,0
DA:6491,0
DA:6493,0
DA:6495,0
DA:6499,7
DA:6500,6
DA:6501,6
DA:6506,7
DA:6516,0
DA:6517,0
DA:6518,0
DA:6519,0
DA:6520,0
DA:6521,0
DA:6523,0
DA:6525,0
DA:6528,0
DA:6529,0
DA:6530,0
DA:6532,0
DA:6534,0
DA:6539,0
DA:6540,0
DA:6542,0
DA:6567,0
DA:6570,0
DA:6571,0
DA:6572,0
DA:6576,0
DA:6579,0
DA:6580,0
DA:6582,0
DA:6584,0
DA:6589,0
DA:6593,83067
DA:6598,8
DA:6611,35
DA:6617,5
DA:6624,8
DA:6632,5
DA:6641,0
DA:6642,0
DA:6645,0
DA:6656,0
DA:6661,0
DA:6665,0
DA:6669,0
DA:6671,0
DA:6673,0
DA:6678,0
DA:6680,0
DA:6682,0
DA:6684,0
DA:6686,0
DA:6688,0
DA:6690,0
DA:6692,0
DA:6697,0
DA:6699,0
DA:6701,0
DA:6703,0
DA:6705,0
DA:6707,0
DA:6709,0
DA:6711,0
DA:6713,0
DA:6722,2006
DA:6730,2006
DA:6731,2006
DA:6735,1790
DA:6736,2684
DA:6738,1790
DA:6739,1
DA:6741,1789
DA:6745,1801
DA:6746,1801
DA:6747,1801
DA:6748,1801
DA:6752,1789
DA:6753,3578
DA:6754,3578
DA:6758,677
DA:6759,677
DA:6769,648
DA:6773,6268
DA:6774,6268
DA:6776,12536
DA:6790,6268
DA:6791,0
DA:6793,6268
DA:6803,886
DA:6804,883
DA:6806,3
DA:6807,4
DA:6812,8
DA:6813,8
DA:6814,8
DA:6815,8
DA:6816,8
DA:6817,8
DA:6819,0
DA:6826,0
DA:6827,0
DA:6828,0
DA:6829,0
DA:6832,0
DA:6833,0
DA:6834,0
DA:6836,0
DA:6840,0
DA:6841,0
DA:6842,0
DA:6843,0
DA:6845,0
DA:6850,0
DA:6851,0
DA:6852,0
DA:6857,0
DA:6859,0
DA:6861,0
DA:6863,0
DA:6865,0
DA:6867,0
DA:6869,0
DA:6871,0
DA:6876,54
DA:6877,54
DA:6878,0
DA:6881,54
DA:6882,0
DA:6884,0
DA:6885,0
DA:6892,54
DA:6893,0
DA:6896,54
DA:6897,54
DA:6898,54
DA:6906,261
DA:6907,191
DA:6910,70
DA:6911,0
DA:6914,70
DA:6915,70
DA:6916,0
DA:6918,70
DA:6919,70
DA:6928,83
DA:6929,83
DA:6936,39
DA:6937,0
DA:6939,39
DA:6940,39
DA:6941,0
DA:6943,39
DA:6944,0
DA:6945,0
DA:6946,0
DA:6949,39
DA:6950,73
DA:6951,39
DA:6952,5
DA:6954,34
DA:6955,0
DA:6957,34
DA:6961,23
DA:6962,23
DA:6963,0
DA:6964,0
DA:6965,0
DA:6968,23
DA:6969,23
DA:6970,23
DA:6972,0
DA:6973,0
DA:6975,0
DA:6976,0
DA:6977,0
DA:6978,0
DA:6979,0
DA:6980,0
DA:6983,0
DA:6984,0
DA:6985,0
DA:6986,0
DA:6987,0
DA:6990,0
DA:6992,0
DA:6993,0
DA:6994,0
DA:6995,0
DA:6996,0
DA:6999,0
DA:7003,1396
DA:7007,746
DA:7011,4062
DA:7012,2678
DA:7013,2
DA:7015,2676
DA:7019,331
DA:7021,420
DA:7022,0
DA:7023,0
DA:7024,420
DA:7026,0
DA:7030,120
DA:7032,178
DA:7033,2
DA:7034,0
DA:7035,178
DA:7037,27
DA:7041,8
DA:7042,1
DA:7044,7
DA:7045,0
DA:7047,7
DA:7051,72
DA:7052,72
DA:7053,72
DA:7054,72
DA:7055,72
DA:7056,72
DA:7057,72
DA:7089,67
DA:7090,67
DA:7091,67
DA:7092,67
DA:7094,67
DA:7097,67
DA:7098,67
DA:7100,67
DA:7101,0
DA:7102,0
DA:7106,67
DA:7108,67
DA:7110,66
DA:7113,66
DA:7114,3
DA:7115,3
DA:7116,2
DA:7120,66
DA:7121,66
DA:7123,1
DA:7124,1
DA:7125,1
DA:7127,0
DA:7128,0
DA:7129,0
DA:7131,0
DA:7133,67
DA:7134,67
DA:7138,67
DA:7139,2
DA:7144,2
DA:7147,67
DA:7151,67
DA:7152,67
DA:7153,1
DA:7155,66
DA:7156,66
DA:7157,0
DA:7159,66
DA:7160,66
DA:7161,1
DA:7163,65
DA:7164,65
DA:7165,0
DA:7167,65
DA:7168,65
DA:7169,65
DA:7171,65
DA:7172,65
DA:7173,35
DA:7174,35
DA:7178,65
DA:7179,65
DA:7180,8
DA:7181,8
DA:7186,65
DA:7187,108
DA:7202,3
DA:7203,3
DA:7204,3
DA:7206,3
DA:7207,3
DA:7208,0
DA:7209,0
DA:7213,3
DA:7214,3
DA:7215,0
DA:7216,0
DA:7220,3
DA:7223,3
DA:7226,3
DA:7229,3
DA:7231,3
DA:7242,3
DA:7244,0
DA:7245,0
DA:7246,0
DA:7249,3
DA:7253,1982
DA:7254,49588
DA:7255,49588
DA:7260,1794
DA:7271,3
DA:7272,3
DA:7273,36
DA:7274,36
DA:7285,5
DA:7317,896
DA:7333,896
DA:7347,0
DA:7352,121
DA:7354,154
DA:7364,3
DA:7365,2
DA:7367,1
DA:7368,2
DA:7370,1
DA:7371,0
DA:7373,1
DA:7374,1
DA:7375,1
DA:7377,0
DA:7386,21
DA:7387,21
DA:7388,21
DA:7389,21
DA:7392,21
DA:7393,2
DA:7396,21
DA:7397,5
DA:7398,5
DA:7400,16
DA:7401,16
DA:7402,16
DA:7403,16
DA:7404,16
DA:7406,16
DA:7411,16
DA:7416,16
DA:7417,16
DA:7418,16
DA:7419,16
DA:7420,14
DA:7422,16
DA:7423,11
DA:7429,16
DA:7433,585
DA:7434,1170
DA:7435,1147
DA:7437,23
DA:7438,0
DA:7440,23
DA:7441,23
DA:7442,22
DA:7444,1
DA:7445,1
DA:7446,1
DA:7448,1
DA:7449,0
DA:7451,1
DA:7452,1
DA:7453,1
DA:7454,1
DA:7455,1
DA:7460,1
DA:7461,1
DA:7471,2113
DA:7472,2113
DA:7473,0
DA:7475,2113
DA:7476,2113
DA:7482,2113
DA:7483,0
DA:7485,2113
DA:7486,2113
DA:7488,0
DA:7501,2113
DA:7502,2113
DA:7504,0
DA:7505,0
DA:7507,0
DA:7508,0
DA:7509,0
DA:7511,0
DA:7512,0
DA:7513,0
DA:7514,0
DA:7516,0
DA:7517,0
DA:7522,0
DA:7525,0
DA:7526,0
DA:7528,0
DA:7529,0
DA:7531,0
DA:7532,0
DA:7534,0
DA:7535,0
DA:7542,0
DA:7543,0
DA:7546,0
DA:7547,0
DA:7549,0
DA:7550,0
DA:7558,0
DA:7559,0
DA:7560,0
DA:7561,0
DA:7562,0
DA:7563,0
DA:7570,0
DA:7575,0
DA:7578,0
DA:7579,0
DA:7581,0
DA:7582,0
DA:7583,0
DA:7584,0
DA:7586,0
DA:7587,0
DA:7588,0
DA:7589,0
DA:7590,0
DA:7591,0
DA:7592,0
DA:7602,0
DA:7605,0
DA:7606,0
DA:7608,0
DA:7609,0
DA:7610,0
DA:7611,0
DA:7613,0
DA:7614,0
DA:7615,0
DA:7616,0
DA:7619,2113
DA:7621,2113
DA:7623,0
DA:7632,0
DA:7637,0
DA:7639,2113
DA:7643,0
DA:7644,0
DA:7646,0
DA:7650,2
DA:7651,0
DA:7653,2
DA:7654,2
DA:7659,6
DA:7663,12
DA:7664,12
DA:7665,0
DA:7667,12
DA:7668,10
DA:7669,10
DA:7671,12
DA:7672,12
DA:7677,142
DA:7678,142
DA:7679,284
DA:7680,144
DA:7684,127
DA:7688,142
DA:7692,185
DA:7700,9
DA:7701,9
DA:7709,3
DA:7710,0
DA:7712,3
DA:7713,3
DA:7716,3
DA:7718,3
DA:7721,3
DA:7722,3
DA:7726,3
DA:7727,3
DA:7729,0
DA:7730,0
DA:7732,3
DA:7733,3
DA:7743,6
DA:7747,0
DA:7751,6
DA:7756,6
DA:7757,1
DA:7758,1
DA:7759,1
DA:7765,6
DA:7772,6
DA:7773,0
DA:7776,6
DA:7779,6
DA:7780,6
DA:7782,0
DA:7783,0
DA:7786,6
DA:7787,1
DA:7790,6
DA:7791,6
DA:7792,6
DA:7794,6
DA:7795,0
DA:7796,0
DA:7797,0
DA:7798,0
DA:7801,6
DA:7804,0
DA:7809,585
DA:7810,2
DA:7811,2
DA:7812,0
DA:7814,2
DA:7815,1
DA:7818,585
DA:7819,585
DA:7820,585
DA:7827,0
DA:7828,0
DA:7830,0
DA:7832,0
DA:7835,0
DA:7836,0
DA:7838,0
DA:7839,0
DA:7840,0
DA:7842,0
DA:7843,0
DA:7844,0
DA:7849,0
DA:7850,0
DA:7855,0
DA:7858,0
DA:7864,0
DA:7873,23
DA:7877,0
DA:7879,23
DA:7880,23
DA:7881,23
DA:7882,23
DA:7883,23
DA:7884,23
DA:7885,28
DA:7886,28
DA:7887,24
DA:7889,4
DA:7890,4
DA:7894,23
DA:7895,23
DA:7899,24
DA:7900,4
DA:7904,23
DA:7905,23
DA:7906,23
DA:7916,23
DA:7917,23
DA:7919,28
DA:7920,2
DA:7922,26
DA:7923,26
DA:7927,23
DA:7928,23
DA:7929,23
DA:7931,23
DA:7932,4
DA:7933,4
DA:7934,4
DA:7936,4
DA:7937,4
DA:7938,4
DA:7941,23
DA:7942,4
DA:7943,4
DA:7949,14
DA:7950,14
DA:7951,0
DA:7952,0
DA:7954,14
DA:7955,14
DA:7956,0
DA:7957,0
DA:7959,14
DA:7963,14
DA:7964,14
DA:7965,14
DA:7967,14
DA:7968,14
DA:7969,14
DA:7970,14
DA:7974,14
DA:7975,14
DA:7976,14
DA:7977,14
DA:7982,12
DA:7983,0
DA:7985,15
DA:7986,12
DA:7987,9
DA:7989,3
DA:7990,3
DA:7992,0
DA:8003,23
DA:8004,23
DA:8005,23
DA:8006,23
DA:8007,23
DA:8010,23
DA:8015,23
DA:8022,23
DA:8023,29
DA:8024,6
DA:8025,6
DA:8028,6
DA:8029,1
DA:8030,1
DA:8031,1
DA:8034,1
DA:8035,1
DA:8036,0
DA:8041,6
DA:8042,0
DA:8043,0
DA:8044,0
DA:8049,6
DA:8050,1
DA:8051,1
DA:8052,1
DA:8053,1
DA:8055,0
DA:8061,6
DA:8062,0
DA:8063,0
DA:8065,0
DA:8066,0
DA:8070,0
DA:8071,0
DA:8078,23
DA:8079,23
DA:8080,0
DA:8081,0
DA:8082,0
DA:8083,0
DA:8084,0
DA:8085,0
DA:8087,0
DA:8088,0
DA:8095,23
DA:8096,0
DA:8097,0
DA:8098,0
DA:8101,0
DA:8102,0
DA:8103,0
DA:8104,0
DA:8105,0
DA:8111,23
DA:8112,20
DA:8113,20
DA:8114,1
DA:8116,1
DA:8117,1
DA:8118,1
DA:8124,23
DA:8125,1
DA:8126,1
DA:8127,1
DA:8131,23
DA:8138,1
DA:8141,1
DA:8142,1
DA:8143,0
DA:8146,1
DA:8149,1
DA:8150,1
DA:8151,1
DA:8153,2
DA:8159,1
DA:8166,0
DA:8167,0
DA:8168,0
DA:8169,0
DA:8171,0
DA:8175,23
DA:8176,23
DA:8177,0
DA:8179,23
DA:8180,23
DA:8181,23
DA:8183,0
DA:8184,0
DA:8188,14
DA:8189,14
DA:8190,14
DA:8191,14
DA:8192,12
DA:8193,14
DA:8197,14
DA:8198,14
DA:8199,23
DA:8201,23
DA:8202,23
DA:8204,23
DA:8209,23
DA:8210,23
DA:8213,23
DA:8214,23
DA:8215,0
DA:8218,23
DA:8219,23
DA:8220,23
DA:8221,23
DA:8222,3
DA:8224,23
DA:8226,14
DA:8227,1
DA:8228,1
DA:8229,1
DA:8231,13
DA:8232,13
DA:8233,6
DA:8234,6
DA:8235,6
DA:8236,6
DA:8241,6
DA:8242,6
DA:8246,6
DA:8248,7
DA:8249,1
DA:8250,2
DA:8251,2
DA:8254,1
DA:8255,1
DA:8256,1
DA:8260,1
DA:8262,6
DA:8263,6
DA:8264,6
DA:8265,6
DA:8266,6
DA:8267,6
DA:8272,6
DA:8273,6
DA:8274,6
DA:8277,6
DA:8278,6
DA:8285,29
DA:8286,29
DA:8287,0
DA:8289,29
DA:8294,29
DA:8296,1
DA:8297,1
DA:8298,1
DA:8299,1
DA:8300,1
DA:8302,28
DA:8303,28
DA:8304,14
DA:8305,14
DA:8307,14
DA:8308,14
DA:8309,14
DA:8316,172
DA:8317,169
DA:8319,3
DA:8320,3
DA:8321,3
DA:8326,3
DA:8327,2
DA:8328,2
DA:8329,2
DA:8330,2
DA:8331,2
DA:8332,2
DA:8333,2
DA:8336,1
DA:8337,1
DA:8338,1
DA:8339,1
DA:8343,585
DA:8344,2
DA:8345,0
DA:8351,585
DA:8352,0
DA:8354,585
DA:8355,0
DA:8360,668
DA:8361,668
DA:8369,184
DA:8388,27
DA:8389,27
DA:8390,27
DA:8391,27
DA:8399,1067
DA:8400,1067
DA:8404,13
DA:8408,519
DA:8412,6
DA:8419,33
DA:8420,26
DA:8423,13
DA:8424,8
DA:8426,7
DA:8427,1
DA:8430,6
DA:8442,6580
DA:8446,15178
DA:8450,1308
DA:8454,7881
DA:8458,31
DA:8462,1956
LF:3356
LH:2362
BRDA:51,0,0,9
BRDA:51,0,1,9
BRDA:59,1,0,9
BRDA:59,1,1,9
BRDA:69,2,0,9
BRDA:69,2,1,9
BRDA:355,3,0,9
BRDA:355,3,1,9
BRDA:364,4,0,9
BRDA:364,4,1,9
BRDA:577,5,0,2
BRDA:581,6,0,1002
BRDA:584,7,0,69
BRDA:584,7,1,1
BRDA:585,8,0,1
BRDA:590,9,0,68
BRDA:590,9,1,2
BRDA:629,10,0,1
BRDA:632,11,0,1
BRDA:635,12,0,2
BRDA:639,13,0,1
BRDA:642,14,0,1
BRDA:649,15,0,1
BRDA:662,16,0,56
BRDA:662,16,1,0
BRDA:669,17,0,3
BRDA:669,17,1,3
BRDA:670,18,0,2
BRDA:670,18,1,1
BRDA:670,19,0,3
BRDA:670,19,1,1
BRDA:679,20,0,1
BRDA:682,21,0,1
BRDA:685,22,0,1
BRDA:688,23,0,1
BRDA:691,24,0,1
BRDA:695,25,0,1
BRDA:699,26,0,1
BRDA:702,27,0,2
BRDA:705,28,0,2
BRDA:708,29,0,2
BRDA:711,30,0,1
BRDA:714,31,0,1
BRDA:717,32,0,1
BRDA:720,33,0,2
BRDA:724,34,0,2
BRDA:727,35,0,3
BRDA:730,36,0,1
BRDA:733,37,0,28
BRDA:737,38,0,2
BRDA:740,39,0,1
BRDA:743,40,0,1
BRDA:746,41,0,1
BRDA:749,42,0,1
BRDA:752,43,0,1
BRDA:755,44,0,1
BRDA:758,45,0,1
BRDA:761,46,0,1
BRDA:764,47,0,2
BRDA:764,47,1,54
BRDA:772,48,0,1
BRDA:775,49,0,1
BRDA:778,50,0,1
BRDA:785,51,0,2
BRDA:785,51,1,54
BRDA:792,52,0,54
BRDA:792,52,1,0
BRDA:793,53,0,54
BRDA:793,53,1,0
BRDA:796,54,0,54
BRDA:796,54,1,1
BRDA:801,55,0,2
BRDA:804,56,0,1
BRDA:807,57,0,1
BRDA:820,58,0,64
BRDA:820,58,1,1006
BRDA:820,59,0,1070
BRDA:820,59,1,66
BRDA:865,60,0,1
BRDA:871,61,0,1
BRDA:875,62,0,2
BRDA:875,62,1,990
BRDA:877,63,0,990
BRDA:877,63,1,1
BRDA:877,63,2,0
BRDA:879,64,0,2
BRDA:879,65,0,992
BRDA:879,65,1,992
BRDA:885,66,0,2
BRDA:885,66,1,988
BRDA:887,67,0,987
BRDA:887,67,1,3
BRDA:887,68,0,990
BRDA:887,68,1,988
BRDA:891,69,0,985
BRDA:891,69,1,5
BRDA:891,70,0,990
BRDA:891,70,1,988
BRDA:893,71,0,2
BRDA:893,71,1,3
BRDA:899,72,0,988
BRDA:899,72,1,2
BRDA:900,73,0,988
BRDA:900,73,1,988
BRDA:901,74,0,988
BRDA:901,74,1,988
BRDA:907,75,0,1
BRDA:943,76,0,1
BRDA:946,77,0,3
BRDA:950,78,0,0
BRDA:954,79,0,450
BRDA:961,80,0,900
BRDA:961,80,1,900
BRDA:967,81,0,0
BRDA:972,82,0,0
BRDA:973,83,0,450
BRDA:973,83,1,450
BRDA:973,83,2,450
BRDA:973,83,3,450
BRDA:981,84,0,2
BRDA:988,85,0,448
BRDA:988,85,1,0
BRDA:989,86,0,448
BRDA:989,86,1,0
BRDA:992,87,0,0
BRDA:1019,88,0,895
BRDA:1021,89,0,895
BRDA:1034,90,0,0
BRDA:1034,91,0,897
BRDA:1034,91,1,897
BRDA:1041,92,0,1
BRDA:1042,93,0,2
BRDA:1042,93,1,1
BRDA:1051,94,0,1
[...]
FN:2302,(anonymous_116)
FN:2353,(anonymous_117)
FN:2394,(anonymous_118)
FN:2431,(anonymous_119)
FN:2467,(anonymous_120)
FN:2505,(anonymous_121)
FN:2520,(anonymous_122)
FN:2553,(anonymous_123)
FN:2558,(anonymous_124)
FN:2626,(anonymous_125)
FN:2627,(anonymous_126)
FN:2650,(anonymous_127)
FN:2675,(anonymous_128)
FN:2769,(anonymous_129)
FN:2802,(anonymous_130)
FN:2808,(anonymous_131)
FN:2816,(anonymous_132)
FN:2822,(anonymous_133)
FN:2828,(anonymous_134)
FN:2834,(anonymous_135)
FN:2840,(anonymous_136)
FN:2846,(anonymous_137)
FN:2859,fetchLeaderboardEntries
FN:2866,(anonymous_139)
FN:2873,(anonymous_140)
FN:2877,broadcastLeaderboardUpdate
FNF:141
FNH:127
FNDA:0,(anonymous_1)
FNDA:0,(anonymous_2)
FNDA:62,(anonymous_3)
FNDA:62,(anonymous_4)
FNDA:25,(anonymous_5)
FNDA:27,(anonymous_6)
FNDA:3,(anonymous_7)
FNDA:25,(anonymous_8)
FNDA:2,(anonymous_9)
FNDA:22,(anonymous_10)
FNDA:0,(anonymous_11)
FNDA:2,(anonymous_12)
FNDA:3,(anonymous_13)
FNDA:88,(anonymous_14)
FNDA:30,(anonymous_15)
FNDA:440,(anonymous_16)
FNDA:15,(anonymous_17)
FNDA:44,(anonymous_18)
FNDA:440,(anonymous_19)
FNDA:440,(anonymous_20)
FNDA:20,(anonymous_21)
FNDA:15,(anonymous_22)
FNDA:12,(anonymous_23)
FNDA:10,(anonymous_24)
FNDA:7,(anonymous_25)
FNDA:8,(anonymous_26)
FNDA:2,(anonymous_27)
FNDA:2,(anonymous_28)
FNDA:4,(anonymous_29)
FNDA:30,(anonymous_30)
FNDA:3,(anonymous_31)
FNDA:4,(anonymous_32)
FNDA:4,(anonymous_33)
FNDA:3,(anonymous_34)
FNDA:13,(anonymous_35)
FNDA:1,(anonymous_36)
FNDA:0,(anonymous_37)
FNDA:12,(anonymous_38)
FNDA:10,(anonymous_39)
FNDA:8,(anonymous_40)
FNDA:17,(anonymous_41)
FNDA:3,(anonymous_42)
FNDA:12,(anonymous_43)
FNDA:3,(anonymous_44)
FNDA:5,(anonymous_45)
FNDA:5,(anonymous_46)
FNDA:6,(anonymous_47)
FNDA:10,(anonymous_48)
FNDA:0,(anonymous_49)
FNDA:12,(anonymous_50)
FNDA:4,(anonymous_51)
FNDA:1,(anonymous_52)
FNDA:2,(anonymous_53)
FNDA:0,(anonymous_54)
FNDA:0,(anonymous_55)
FNDA:0,(anonymous_56)
FNDA:0,(anonymous_57)
FNDA:0,(anonymous_58)
FNDA:0,(anonymous_59)
FNDA:2,(anonymous_60)
FNDA:0,(anonymous_61)
FNDA:2,(anonymous_62)
FNDA:2,(anonymous_63)
FNDA:1,(anonymous_64)
FNDA:2,(anonymous_65)
FNDA:2,(anonymous_66)
FNDA:3,(anonymous_67)
FNDA:2,(anonymous_68)
FNDA:2,(anonymous_69)
FNDA:3,(anonymous_70)
FNDA:1,(anonymous_71)
FNDA:2,(anonymous_72)
FNDA:3,(anonymous_73)
FNDA:4,(anonymous_74)
FNDA:5,(anonymous_75)
FNDA:1,(anonymous_76)
FNDA:1,(anonymous_77)
FNDA:6,(anonymous_78)
FNDA:1,(anonymous_79)
FNDA:2,(anonymous_80)
FNDA:4,(anonymous_81)
FNDA:3,(anonymous_82)
FNDA:4,(anonymous_83)
FNDA:4,(anonymous_84)
FNDA:2,(anonymous_85)
FNDA:3,(anonymous_86)
FNDA:9,(anonymous_87)
FNDA:9,(anonymous_88)
FNDA:0,(anonymous_89)
FNDA:2,(anonymous_90)
FNDA:3,(anonymous_91)
FNDA:3,(anonymous_92)
FNDA:3,(anonymous_93)
FNDA:3,(anonymous_94)
FNDA:2,(anonymous_95)
FNDA:1,(anonymous_96)
FNDA:1,(anonymous_97)
FNDA:2,(anonymous_98)
FNDA:2,(anonymous_99)
FNDA:1,(anonymous_100)
FNDA:3,(anonymous_101)
FNDA:3,(anonymous_102)
FNDA:2,(anonymous_103)
FNDA:2,(anonymous_104)
FNDA:5,(anonymous_105)
FNDA:3,(anonymous_106)
FNDA:4,(anonymous_107)
FNDA:2,(anonymous_108)
FNDA:2,(anonymous_109)
FNDA:3,(anonymous_110)
FNDA:2,(anonymous_111)
FNDA:2,(anonymous_112)
FNDA:2,(anonymous_113)
FNDA:2,(anonymous_114)
FNDA:2,(anonymous_115)
FNDA:3,(anonymous_116)
FNDA:4,(anonymous_117)
FNDA:2,(anonymous_118)
FNDA:2,(anonymous_119)
FNDA:2,(anonymous_120)
FNDA:15,(anonymous_121)
FNDA:427,(anonymous_122)
FNDA:0,(anonymous_123)
FNDA:9,(anonymous_124)
FNDA:1,(anonymous_125)
FNDA:1,(anonymous_126)
FNDA:4,(anonymous_127)
FNDA:4,(anonymous_128)
FNDA:5,(anonymous_129)
FNDA:1,(anonymous_130)
FNDA:1,(anonymous_131)
FNDA:1,(anonymous_132)
FNDA:1,(anonymous_133)
FNDA:1,(anonymous_134)
FNDA:1,(anonymous_135)
FNDA:1,(anonymous_136)
FNDA:2,(anonymous_137)
FNDA:5,fetchLeaderboardEntries
FNDA:4,(anonymous_139)
FNDA:1,(anonymous_140)
FNDA:1,broadcastLeaderboardUpdate
DA:1,1
DA:2,1
DA:3,1
DA:4,1
DA:5,1
DA:16,1
DA:24,1
DA:27,1
DA:30,1
DA:35,1
DA:38,1
DA:40,1
DA:41,1
DA:42,1
DA:44,1
DA:48,1
DA:49,0
DA:50,0
DA:53,1
DA:54,62
DA:55,0
DA:57,62
DA:63,1
DA:68,62
DA:69,62
DA:70,62
DA:71,62
DA:72,62
DA:73,62
DA:74,62
DA:82,62
DA:83,62
DA:84,62
DA:85,62
DA:86,62
DA:88,0
DA:91,62
DA:93,7
DA:96,7
DA:100,0
DA:101,0
DA:102,0
DA:104,7
DA:105,7
DA:106,7
DA:108,55
DA:110,7
DA:111,7
DA:113,7
DA:115,7
DA:116,0
DA:117,0
DA:118,0
DA:120,7
DA:123,0
DA:126,1
DA:127,25
DA:128,0
DA:130,25
DA:131,1
DA:133,25
DA:134,1
DA:136,25
DA:139,1
DA:140,27
DA:141,25
DA:144,1
DA:145,3
DA:147,1
DA:153,25
DA:162,1
DA:167,2
DA:168,2
DA:170,1
DA:171,1
DA:180,0
DA:184,1
DA:185,22
DA:186,22
DA:187,22
DA:188,22
DA:190,0
DA:191,0
DA:192,0
DA:194,0
DA:202,22
DA:205,1
DA:220,2
DA:235,2
DA:236,2
DA:239,1
DA:240,3
DA:241,3
DA:242,3
DA:243,2
DA:250,1
DA:342,1
DA:343,1
DA:344,1
DA:345,1
DA:346,1
DA:347,1
DA:348,1
DA:349,1
DA:350,1
DA:351,1
DA:354,1
DA:358,1
DA:362,1
DA:366,1
DA:367,1
DA:368,1
DA:369,1
DA:379,1
DA:380,88
DA:381,88
DA:382,7
DA:384,81
DA:385,22
DA:387,59
DA:390,1
DA:391,30
DA:392,20
DA:393,20
DA:395,0
DA:399,1
DA:400,440
DA:401,437
DA:403,3
DA:404,3
DA:405,3
DA:412,3
DA:421,3
DA:422,0
DA:424,3
DA:437,1
DA:438,15
DA:439,15
DA:440,440
DA:441,440
DA:442,440
DA:443,440
DA:444,2
DA:445,2
DA:446,0
DA:449,438
DA:452,15
DA:455,1
DA:456,44
DA:457,29
DA:459,15
DA:460,440
DA:466,440
DA:468,15
DA:471,1
DA:472,20
DA:473,18
DA:475,2
DA:476,2
DA:477,0
DA:479,2
DA:486,1
DA:489,15
DA:490,0
DA:492,15
DA:514,1
DA:515,12
DA:516,12
DA:517,4
DA:519,8
DA:522,1
DA:524,1
DA:525,10
DA:526,10
DA:534,10
DA:535,0
DA:538,10
DA:539,10
DA:540,10
DA:541,0
DA:542,0
DA:544,0
DA:548,1
DA:551,7
DA:552,0
DA:554,7
DA:555,7
DA:562,7
DA:563,6
DA:565,1
DA:570,0
DA:574,1
DA:575,8
DA:576,1
DA:578,7
DA:579,7
DA:589,1
DA:590,2
DA:591,0
DA:593,2
DA:594,2
DA:595,2
DA:596,1
DA:601,1
DA:602,2
DA:603,2
DA:605,4
DA:606,4
DA:609,2
DA:612,30
DA:617,1
DA:618,3
DA:620,1
DA:624,4
DA:625,4
DA:626,4
DA:628,0
DA:629,0
DA:647,0
DA:655,1
DA:656,4
DA:671,4
DA:681,1
DA:682,13
DA:688,13
DA:696,1
DA:697,1
DA:698,0
DA:700,1
DA:703,1
DA:716,1
DA:717,0
DA:721,1
DA:733,1
DA:735,0
DA:739,0
DA:746,1
DA:747,0
DA:748,0
DA:755,0
DA:756,0
DA:765,0
DA:774,1
DA:775,12
DA:791,12
DA:794,1
DA:795,10
DA:796,10
DA:797,10
DA:799,10
DA:800,9
DA:801,9
DA:814,1
DA:815,1
DA:817,1
DA:830,1
DA:831,8
DA:832,8
DA:833,8
DA:840,0
DA:848,1
DA:849,17
DA:850,1
DA:852,16
DA:853,16
DA:856,1
DA:860,3
DA:861,3
DA:862,12
DA:865,12
DA:866,11
DA:869,3
DA:870,1
DA:872,3
DA:873,2
DA:875,3
DA:876,3
DA:877,3
DA:880,1
DA:881,3
DA:882,5
DA:884,3
DA:885,0
DA:887,3
DA:889,6
DA:891,10
DA:892,10
DA:899,10
DA:900,0
DA:910,0
DA:923,1
DA:924,0
DA:925,0
DA:927,0
DA:928,0
DA:931,1
DA:932,12
DA:933,10
DA:935,2
DA:938,1
DA:939,4
DA:940,4
DA:941,3
DA:944,1
DA:945,1
DA:947,1
DA:948,1
DA:949,1
DA:950,1
DA:951,1
DA:952,1
DA:953,1
DA:954,1
DA:955,1
DA:956,1
DA:957,1
DA:958,1
DA:959,1
DA:1005,1
DA:1006,1
DA:1007,2
DA:1009,1
DA:1010,0
DA:1011,0
DA:1013,0
DA:1014,0
DA:1033,0
DA:1040,0
DA:1041,0
DA:1045,1
DA:1046,0
DA:1048,0
DA:1049,0
DA:1055,0
DA:1061,0
DA:1068,0
DA:1069,0
DA:1073,1
DA:1074,1
DA:1077,2
DA:1078,2
DA:1087,2
DA:1088,2
DA:1089,0
DA:1092,2
DA:1093,0
DA:1094,2
DA:1095,2
DA:1096,0
DA:1098,2
DA:1099,2
DA:1100,2
DA:1105,1
DA:1106,0
DA:1111,0
DA:1112,0
DA:1115,1
DA:1116,1
DA:1117,1
DA:1118,2
DA:1121,1
DA:1122,1
DA:1123,0
DA:1128,0
DA:1129,0
DA:1132,1
DA:1133,1
DA:1134,1
DA:1135,1
DA:1137,2
DA:1138,2
DA:1156,0
DA:1165,1
DA:1166,1
DA:1174,1
DA:1175,1
DA:1176,2
DA:1179,0
DA:1180,0
DA:1181,0
DA:1184,1
DA:1200,0
DA:1203,1
DA:1204,3
DA:1205,3
DA:1206,1
DA:1208,3
DA:1211,1
DA:1214,2
DA:1215,1
DA:1217,1
DA:1230,1
DA:1231,2
DA:1239,2
DA:1242,1
DA:1243,3
DA:1250,3
DA:1251,1
DA:1253,3
DA:1268,1
DA:1271,3
DA:1272,3
DA:1277,2
DA:1278,1
DA:1281,1
DA:1292,2
DA:1293,2
DA:1298,4
DA:1299,4
DA:1301,0
DA:1302,0
DA:1308,5
DA:1309,5
DA:1310,3
DA:1311,1
DA:1313,3
DA:1315,2
DA:1316,2
DA:1325,1
DA:1326,1
DA:1327,1
DA:1328,1
DA:1330,0
DA:1331,0
DA:1340,6
DA:1341,6
DA:1342,4
DA:1343,4
DA:1344,4
DA:1357,4
DA:1369,0
DA:1370,0
DA:1375,2
DA:1376,2
DA:1383,2
DA:1384,1
DA:1387,1
DA:1389,1
DA:1399,0
DA:1400,0
DA:1405,4
DA:1406,4
DA:1407,3
DA:1408,3
DA:1418,3
DA:1420,0
DA:1421,0
DA:1426,4
DA:1427,1
DA:1429,3
DA:1430,3
DA:1442,3
DA:1443,3
DA:1444,2
DA:1446,1
DA:1449,1
DA:1451,2
DA:1452,2
DA:1461,4
DA:1462,4
DA:1463,3
DA:1464,2
DA:1468,2
DA:1469,2
DA:1470,2
DA:1472,0
DA:1473,0
DA:1478,3
DA:1479,3
DA:1480,3
DA:1482,0
DA:1483,0
DA:1488,9
DA:1489,9
DA:1490,9
DA:1492,9
DA:1493,3
DA:1494,3
DA:1496,9
DA:1498,0
DA:1499,2
DA:1503,9
DA:1504,1
DA:1505,3
DA:1508,9
DA:1509,1
DA:1510,1
DA:1511,3
DA:1515,9
DA:1516,1
DA:1517,3
DA:1520,9
DA:1521,1
DA:1524,9
DA:1526,0
DA:1527,0
DA:1532,2
DA:1536,1
DA:1540,1
DA:1544,2
DA:1552,1
DA:1569,2
DA:1570,2
DA:1571,2
DA:1572,2
DA:1573,2
DA:1575,2
DA:1576,1
DA:1577,1
DA:1578,1
DA:1579,1
DA:1582,2
DA:1583,1
DA:1584,1
DA:1585,1
DA:1586,1
DA:1589,2
DA:1590,1
DA:1591,1
DA:1592,1
DA:1593,1
DA:1596,2
DA:1597,1
DA:1598,1
DA:1599,1
DA:1600,1
DA:1603,2
DA:1604,2
DA:1605,2
DA:1607,2
DA:1616,2
DA:1617,2
DA:1618,1
DA:1621,1
DA:1632,1
DA:1633,1
DA:1635,1
DA:1636,1
DA:1655,1
DA:1656,1
DA:1657,1
DA:1666,0
DA:1667,0
DA:1676,3
DA:1677,1
DA:1678,1
DA:1688,1
DA:1690,1
DA:1694,1
DA:1696,0
DA:1697,0
DA:1706,3
DA:1707,2
DA:1708,2
DA:1713,2
DA:1715,2
DA:1719,2
DA:1721,0
DA:1722,0
DA:1736,2
DA:1737,1
DA:1738,1
DA:1749,1
DA:1751,1
DA:1755,1
DA:1757,0
DA:1758,0
DA:1772,2
DA:1773,1
DA:1774,1
DA:1785,1
DA:1787,1
DA:1791,1
DA:1793,0
DA:1794,0
DA:1803,5
DA:1804,4
DA:1805,4
DA:1810,1
DA:1812,1
DA:1816,1
DA:1818,3
DA:1819,3
DA:1842,3
DA:1843,2
DA:1844,2
DA:1845,2
DA:1846,2
DA:1847,2
DA:1848,2
DA:1859,0
DA:1866,2
DA:1879,2
DA:1880,2
DA:1881,2
DA:1883,2
DA:1884,1
DA:1894,2
DA:1896,2
DA:1904,0
DA:1905,0
DA:1924,4
DA:1925,3
DA:1926,3
DA:1927,1
DA:1929,2
DA:1930,1
DA:1932,1
DA:1943,1
DA:1944,1
DA:1952,1
DA:1954,1
DA:1960,2
DA:1961,2
DA:1980,2
DA:1981,1
DA:1982,1
DA:1993,1
DA:1995,1
DA:2001,0
DA:2002,0
DA:2021,2
DA:2022,1
DA:2023,1
DA:2034,1
DA:2036,1
DA:2042,0
DA:2043,0
DA:2062,3
DA:2063,2
DA:2064,2
DA:2075,2
DA:2077,2
DA:2083,0
DA:2084,0
DA:2101,2
DA:2102,1
DA:2103,1
DA:2113,1
DA:2115,1
DA:2121,0
DA:2122,0
DA:2141,2
DA:2142,1
DA:2143,1
DA:2154,1
DA:2156,1
DA:2163,1
DA:2169,0
DA:2170,0
DA:2185,2
DA:2186,1
DA:2187,1
DA:2196,1
DA:2198,1
DA:2203,1
DA:2209,0
DA:2210,0
DA:2227,2
DA:2228,1
DA:2229,1
DA:2239,1
DA:2241,1
DA:2247,1
DA:2253,0
DA:2254,0
DA:2271,2
DA:2272,1
DA:2273,1
DA:2283,1
DA:2285,1
DA:2291,1
DA:2297,0
DA:2298,0
DA:2321,3
DA:2322,3
DA:2323,1
DA:2325,2
DA:2326,1
DA:2327,1
DA:2340,1
DA:2342,1
DA:2348,0
DA:2349,0
DA:2366,4
DA:2367,4
DA:2368,1
DA:2370,3
DA:2371,2
DA:2372,2
DA:2381,2
DA:2383,2
DA:2389,0
DA:2390,0
DA:2399,2
DA:2400,1
DA:2401,1
DA:2410,1
DA:2411,1
DA:2418,1
DA:2420,1
DA:2426,0
DA:2427,0
DA:2436,2
DA:2437,2
DA:2450,2
DA:2451,2
DA:2452,2
DA:2454,2
DA:2456,2
DA:2462,0
DA:2463,0
DA:2472,2
DA:2473,2
DA:2486,1
DA:2487,1
DA:2488,1
DA:2490,1
DA:2494,1
DA:2500,1
DA:2501,1
DA:2510,15
DA:2511,15
DA:2512,1
DA:2514,14
DA:2515,13
DA:2516,1
DA:2519,12
DA:2520,427
DA:2522,12
DA:2523,1
DA:2528,11
DA:2529,1
DA:2534,10
DA:2535,10
DA:2536,10
DA:2537,10
DA:2538,0
DA:2539,0
DA:2541,0
DA:2542,0
DA:2543,0
DA:2544,0
DA:2546,0
DA:2550,0
DA:2552,10
DA:2553,0
DA:2555,10
DA:2556,10
DA:2557,10
DA:2558,10
DA:2559,10
DA:2560,1
DA:2564,9
DA:2565,9
DA:2567,9
DA:2568,9
DA:2569,1
DA:2575,1
DA:2576,1
DA:2580,9
DA:2582,9
DA:2600,9
DA:2601,1
DA:2603,9
DA:2604,1
DA:2607,9
DA:2614,9
DA:2615,1
DA:2625,1
DA:2626,1
DA:2628,1
DA:2638,1
DA:2639,1
DA:2643,9
DA:2645,6
DA:2646,6
DA:2655,4
DA:2656,4
DA:2657,2
DA:2659,2
DA:2661,1
DA:2668,1
DA:2670,3
DA:2671,3
DA:2680,4
DA:2681,4
DA:2682,3
DA:2683,2
DA:2684,2
DA:2686,2
DA:2687,1
DA:2690,1
DA:2691,0
DA:2696,0
DA:2700,1
DA:2701,1
DA:2704,1
DA:2717,1
DA:2718,1
DA:2720,1
DA:2736,1
DA:2743,1
DA:2745,1
DA:2746,1
DA:2747,1
DA:2748,1
DA:2749,1
DA:2750,1
DA:2751,1
DA:2753,1
DA:2764,2
DA:2765,2
DA:2774,5
DA:2775,5
DA:2776,4
DA:2777,3
DA:2783,3
DA:2787,3
DA:2788,3
DA:2790,2
DA:2791,2
DA:2800,1
DA:2803,1
DA:2809,1
DA:2817,1
DA:2823,1
DA:2829,1
DA:2835,1
DA:2841,1
DA:2847,2
DA:2848,1
DA:2860,5
DA:2865,5
DA:2866,4
DA:2873,1
DA:2878,1
DA:2879,1
DA:2880,1
DA:2882,0
LF:840
LH:697
BRDA:28,0,0,1
BRDA:28,0,1,1
BRDA:31,1,0,1
BRDA:31,1,1,1
BRDA:35,2,0,1
BRDA:35,2,1,1
BRDA:35,2,2,1
BRDA:37,3,0,1
BRDA:37,3,1,1
BRDA:38,4,0,1
BRDA:38,4,1,0
BRDA:54,5,0,0
BRDA:73,6,0,62
BRDA:73,6,1,62
BRDA:84,7,0,62
BRDA:91,8,0,7
BRDA:93,9,0,7
BRDA:93,9,1,0
BRDA:93,9,2,0
BRDA:96,10,0,0
BRDA:97,11,0,7
BRDA:97,11,1,0
BRDA:113,12,0,7
BRDA:113,12,1,7
BRDA:113,12,2,7
BRDA:113,12,3,0
BRDA:115,13,0,0
BRDA:115,14,0,7
BRDA:115,14,1,0
BRDA:127,15,0,0
BRDA:127,16,0,25
BRDA:127,16,1,25
BRDA:130,17,0,1
BRDA:133,18,0,1
BRDA:170,19,0,1
BRDA:187,20,0,22
BRDA:187,20,1,0
BRDA:241,21,0,3
BRDA:241,21,1,0
BRDA:242,22,0,2
BRDA:242,23,0,3
BRDA:242,23,1,3
BRDA:242,23,2,3
BRDA:250,24,0,1
BRDA:250,24,1,0
BRDA:354,25,0,1
BRDA:354,25,1,1
BRDA:354,25,2,1
BRDA:358,26,0,1
BRDA:358,26,1,1
BRDA:358,26,2,1
BRDA:358,26,3,1
BRDA:381,27,0,7
BRDA:384,28,0,22
BRDA:384,29,0,81
BRDA:384,29,1,80
BRDA:391,30,0,10
BRDA:400,31,0,437
BRDA:403,32,0,2
BRDA:403,32,1,1
BRDA:404,33,0,0
BRDA:404,33,1,3
BRDA:405,34,0,0
BRDA:405,34,1,3
BRDA:407,35,0,0
BRDA:407,35,1,0
BRDA:408,36,0,0
BRDA:408,36,1,0
BRDA:412,37,0,3
BRDA:412,37,1,3
BRDA:412,37,2,2
BRDA:412,37,3,0
BRDA:412,37,4,0
BRDA:412,37,5,0
BRDA:412,37,6,0
BRDA:412,37,7,0
BRDA:412,37,8,0
BRDA:412,37,9,0
BRDA:412,37,10,0
BRDA:421,38,0,0
BRDA:425,39,0,3
BRDA:425,39,1,3
BRDA:426,40,0,1
BRDA:426,40,1,2
BRDA:427,41,0,3
BRDA:427,41,1,0
BRDA:428,42,0,3
BRDA:428,42,1,0
BRDA:429,43,0,3
BRDA:429,43,1,0
BRDA:432,44,0,3
BRDA:432,44,1,3
BRDA:440,45,0,440
BRDA:440,45,1,0
BRDA:440,45,2,0
BRDA:441,46,0,0
BRDA:443,47,0,2
BRDA:443,47,1,438
BRDA:445,48,0,0
BRDA:445,49,0,2
BRDA:445,49,1,2
BRDA:455,50,0,32
BRDA:456,51,0,29
BRDA:456,52,0,44
BRDA:456,52,1,44
BRDA:461,53,0,440
BRDA:461,53,1,440
BRDA:462,54,0,440
BRDA:462,54,1,0
BRDA:463,55,0,440
BRDA:463,55,1,2
BRDA:466,56,0,440
BRDA:466,56,1,440
BRDA:466,56,2,440
BRDA:472,57,0,18
BRDA:476,58,0,0
BRDA:489,59,0,0
BRDA:499,60,0,15
BRDA:499,60,1,0
BRDA:502,61,0,15
BRDA:502,61,1,2
BRDA:503,62,0,15
BRDA:503,62,1,0
BRDA:504,63,0,15
BRDA:504,63,1,6
BRDA:505,64,0,15
BRDA:505,64,1,6
BRDA:506,65,0,15
BRDA:506,65,1,6
BRDA:507,66,0,15
BRDA:507,66,1,14
BRDA:508,67,0,15
BRDA:508,67,1,14
BRDA:515,68,0,12
BRDA:515,68,1,0
BRDA:516,69,0,4
BRDA:528,70,0,10
BRDA:528,70,1,10
BRDA:534,71,0,0
BRDA:534,72,0,10
BRDA:534,72,1,0
BRDA:538,73,0,10
BRDA:538,73,1,10
BRDA:539,74,0,10
BRDA:539,74,1,10
BRDA:540,75,0,10
BRDA:551,76,0,0
BRDA:557,77,0,7
BRDA:557,77,1,7
BRDA:562,78,0,6
BRDA:567,79,0,1
BRDA:567,79,1,0
BRDA:575,80,0,1
BRDA:579,81,0,7
BRDA:579,81,1,6
BRDA:590,82,0,0
BRDA:593,83,0,2
BRDA:593,84,0,2
BRDA:593,84,1,1
BRDA:595,85,0,1
BRDA:606,86,0,4
BRDA:606,86,1,4
BRDA:617,87,0,2
BRDA:625,88,0,4
BRDA:641,89,0,0
BRDA:641,89,1,0
BRDA:671,90,0,4
BRDA:671,90,1,0
BRDA:673,91,0,3
BRDA:673,91,1,3
BRDA:674,92,0,3
BRDA:674,92,1,0
BRDA:675,93,0,3
BRDA:675,93,1,0
BRDA:677,94,0,3
BRDA:677,94,1,1
BRDA:688,95,0,13
BRDA:688,95,1,11
BRDA:697,96,0,0
BRDA:716,97,0,0
BRDA:716,98,0,1
BRDA:716,98,1,0
BRDA:755,99,0,0
BRDA:791,100,0,12
BRDA:791,100,1,0
BRDA:799,101,0,9
BRDA:814,102,0,1
BRDA:814,102,1,1
BRDA:819,103,0,1
BRDA:819,103,1,0
BRDA:821,104,0,1
BRDA:821,104,1,0
BRDA:822,105,0,1
BRDA:822,105,1,0
BRDA:824,106,0,1
BRDA:824,106,1,1
BRDA:849,107,0,1
BRDA:853,108,0,16
BRDA:853,108,1,0
BRDA:863,109,0,12
BRDA:863,109,1,12
BRDA:863,109,2,12
BRDA:863,109,3,12
BRDA:865,110,0,11
BRDA:869,111,0,1
BRDA:869,112,0,3
BRDA:869,112,1,1
BRDA:872,113,0,2
BRDA:872,114,0,3
BRDA:872,114,1,2
BRDA:884,115,0,0
BRDA:899,116,0,0
BRDA:924,117,0,0
BRDA:932,118,0,10
BRDA:940,119,0,3
BRDA:952,120,0,1
BRDA:952,120,1,0
BRDA:953,121,0,1
BRDA:953,122,0,1
BRDA:953,122,1,0
BRDA:1077,123,0,1
BRDA:1077,123,1,1
BRDA:1077,124,0,1
BRDA:1077,124,1,1
BRDA:1077,125,0,1
BRDA:1077,125,1,0
BRDA:1077,126,0,1
BRDA:1077,126,1,1
BRDA:1087,127,0,2
BRDA:1087,127,1,0
BRDA:1088,128,0,0
BRDA:1092,129,0,2
BRDA:1092,129,1,2
BRDA:1092,129,2,0
BRDA:1092,130,0,0
BRDA:1092,130,1,2
BRDA:1095,131,0,0
BRDA:1099,132,0,2
BRDA:1105,133,0,0
BRDA:1121,134,0,1
BRDA:1121,134,1,0
BRDA:1121,134,2,0
BRDA:1122,135,0,0
BRDA:1214,136,0,1
BRDA:1219,137,0,1
BRDA:1219,137,1,0
BRDA:1220,138,0,1
BRDA:1220,138,1,0
BRDA:1221,139,0,1
BRDA:1221,139,1,1
BRDA:1222,140,0,1
BRDA:1222,140,1,1
BRDA:1223,141,0,1
BRDA:1223,141,1,1
BRDA:1224,142,0,1
BRDA:1224,142,1,0
BRDA:1225,143,0,1
BRDA:1225,143,1,1
BRDA:1226,144,0,1
BRDA:1226,144,1,0
BRDA:1239,145,0,2
BRDA:1239,145,1,1
BRDA:1242,146,0,0
BRDA:1250,147,0,3
BRDA:1250,147,1,0
BRDA:1251,148,0,1
BRDA:1251,148,1,0
BRDA:1251,149,0,1
BRDA:1251,149,1,0
BRDA:1255,150,0,2
BRDA:1255,150,1,0
BRDA:1256,151,0,2
BRDA:1256,151,1,2
BRDA:1257,152,0,2
BRDA:1257,152,1,2
BRDA:1258,153,0,2
BRDA:1258,153,1,2
BRDA:1259,154,0,2
BRDA:1259,154,1,2
BRDA:1260,155,0,2
BRDA:1260,155,1,0
BRDA:1273,156,0,3
BRDA:1273,156,1,3
BRDA:1277,157,0,1
BRDA:1288,158,0,1
BRDA:1288,158,1,0
BRDA:1289,159,0,1
BRDA:1289,159,1,0
BRDA:1297,160,0,2
BRDA:1310,161,0,1
BRDA:1337,162,0,0
BRDA:1340,163,0,6
BRDA:1340,163,1,0
BRDA:1357,164,0,4
BRDA:1357,164,1,0
BRDA:1360,165,0,1
BRDA:1360,165,1,0
BRDA:1366,166,0,1
BRDA:1366,166,1,0
BRDA:1383,167,0,1
BRDA:1405,168,0,4
BRDA:1405,168,1,0
BRDA:1418,169,0,3
BRDA:1418,169,1,0
BRDA:1426,170,0,1
BRDA:1443,171,0,2
BRDA:1443,171,1,1
BRDA:1461,172,0,4
BRDA:1461,172,1,0
BRDA:1477,173,0,0
BRDA:1492,174,0,3
BRDA:1496,175,0,9
BRDA:1496,175,1,8
BRDA:1496,175,2,7
BRDA:1496,175,3,7
BRDA:1503,176,0,1
BRDA:1508,177,0,1
BRDA:1515,178,0,1
BRDA:1520,179,0,1
BRDA:1520,180,0,9
BRDA:1520,180,1,1
BRDA:1575,181,0,1
BRDA:1582,182,0,1
BRDA:1589,183,0,1
BRDA:1596,184,0,1
BRDA:1608,185,0,2
BRDA:1608,185,1,2
BRDA:1617,186,0,1
BRDA:1628,187,0,1
BRDA:1628,187,1,0
BRDA:1629,188,0,1
BRDA:1629,188,1,0
BRDA:1710,189,0,1
BRDA:1710,189,1,1
BRDA:1744,190,0,1
BRDA:1744,190,1,0
BRDA:1780,191,0,1
BRDA:1780,191,1,0
BRDA:1848,192,0,1
BRDA:1848,192,1,1
BRDA:1850,193,0,1
BRDA:1850,193,1,0
BRDA:1850,193,2,0
BRDA:1851,194,0,1
BRDA:1851,194,1,0
BRDA:1852,195,0,1
BRDA:1852,195,1,1
BRDA:1852,195,2,0
BRDA:1853,196,0,1
BRDA:1853,196,1,1
BRDA:1854,197,0,1
BRDA:1854,197,1,1
BRDA:1855,198,0,1
BRDA:1855,198,1,0
BRDA:1872,199,0,2
BRDA:1872,199,1,2
BRDA:1880,200,0,2
BRDA:1880,200,1,2
BRDA:1881,201,0,2
BRDA:1881,201,1,2
BRDA:1883,202,0,1
BRDA:1926,203,0,1
BRDA:1929,204,0,1
BRDA:2070,205,0,2
BRDA:2070,205,1,1
BRDA:2159,206,0,1
BRDA:2159,206,1,0
BRDA:2160,207,0,1
BRDA:2160,207,1,1
BRDA:2321,208,0,3
BRDA:2321,208,1,0
BRDA:2322,209,0,1
BRDA:2366,210,0,4
BRDA:2366,210,1,0
BRDA:2367,211,0,1
BRDA:2459,212,0,2
BRDA:2459,212,1,1
BRDA:2497,213,0,1
BRDA:2497,213,1,1
BRDA:2511,214,0,1
BRDA:2515,215,0,1
BRDA:2515,216,0,13
BRDA:2515,216,1,13
BRDA:2522,217,0,1
BRDA:2528,218,0,1
BRDA:2534,219,0,10
BRDA:2534,219,1,10
BRDA:2538,220,0,0
BRDA:2543,221,0,0
BRDA:2552,222,0,10
BRDA:2552,222,1,10
BRDA:2555,223,0,10
BRDA:2555,223,1,9
BRDA:2559,224,0,1
BRDA:2565,225,0,9
BRDA:2565,225,1,8
BRDA:2568,226,0,1
BRDA:2575,227,0,1
BRDA:2575,228,0,1
BRDA:2575,228,1,1
BRDA:2586,229,0,9
BRDA:2586,229,1,9
BRDA:2587,230,0,9
BRDA:2587,230,1,9
BRDA:2588,231,0,9
BRDA:2588,231,1,9
BRDA:2589,232,0,9
BRDA:2589,232,1,9
BRDA:2600,233,0,1
BRDA:2603,234,0,1
BRDA:2614,235,0,1
BRDA:2625,236,0,1
BRDA:2625,236,1,0
BRDA:2626,237,0,1
BRDA:2626,237,1,1
BRDA:2638,238,0,1
BRDA:2656,239,0,2
BRDA:2656,240,0,4
BRDA:2656,240,1,3
BRDA:2686,241,0,1
BRDA:2686,242,0,2
BRDA:2686,242,1,1
BRDA:2687,243,0,1
BRDA:2687,243,1,0
BRDA:2690,244,0,0
BRDA:2690,244,1,1
BRDA:2690,245,0,1
BRDA:2690,245,1,1
BRDA:2700,246,0,1
BRDA:2700,246,1,0
BRDA:2701,247,0,1
BRDA:2701,247,1,0
BRDA:2711,248,0,1
BRDA:2711,248,1,0
BRDA:2726,249,0,1
BRDA:2726,249,1,0
BRDA:2731,250,0,1
BRDA:2731,250,1,0
BRDA:2739,251,0,1
BRDA:2739,251,1,0
BRDA:2748,252,0,1
BRDA:2748,252,1,1
BRDA:2749,253,0,1
BRDA:2749,253,1,1
BRDA:2750,254,0,1
BRDA:2750,254,1,1
BRDA:2751,255,0,0
BRDA:2751,255,1,1
BRDA:2859,256,0,0
BRDA:2861,257,0,5
BRDA:2861,257,1,5
BRDA:2865,258,0,5
BRDA:2865,258,1,0
BRDA:2869,259,0,4
BRDA:2869,259,1,1
BRDA:2870,260,0,4
BRDA:2870,260,1,1
BRDA:2871,261,0,3
BRDA:2871,261,1,1
BRDA:2871,262,0,3
BRDA:2871,262,1,0
BRDA:2877,263,0,1
BRF:462
BRH:339
end_of_record
